{"src\\js\\_scaffolding.js":{"path":"src\\js\\_scaffolding.js","s":{"1":1},"b":{"1":[1,1]},"f":{},"fnMap":{},"statementMap":{"1":{"start":{"line":2,"column":0},"end":{"line":2,"column":88}}},"branchMap":{"1":{"line":2,"type":"binary-expr","locations":[{"start":{"line":2,"column":55},"end":{"line":2,"column":81}},{"start":{"line":2,"column":85},"end":{"line":2,"column":87}}]}}},"src\\js\\_defaults.js":{"path":"src\\js\\_defaults.js","s":{"1":1,"2":1,"3":7,"4":7,"5":7,"6":7,"7":7,"8":7,"9":7,"10":7,"11":7,"12":7,"13":7,"14":7,"15":7,"16":7,"17":7,"18":7,"19":7,"20":7,"21":7,"22":7,"23":7,"24":7},"b":{"1":[7,0],"2":[7,7],"3":[7,7],"4":[0,7],"5":[7,7],"6":[7,7],"7":[0,7],"8":[7,7],"9":[7,7],"10":[7,0],"11":[7,0],"12":[7,0],"13":[7,0],"14":[7,5]},"f":{"1":7},"fnMap":{"1":{"name":"(anonymous_1)","line":21,"loc":{"start":{"line":21,"column":42},"end":{"line":21,"column":65}}}},"statementMap":{"1":{"start":{"line":2,"column":0},"end":{"line":18,"column":2}},"2":{"start":{"line":21,"column":0},"end":{"line":46,"column":2}},"3":{"start":{"line":22,"column":1},"end":{"line":22,"column":36}},"4":{"start":{"line":24,"column":1},"end":{"line":24,"column":25}},"5":{"start":{"line":25,"column":1},"end":{"line":25,"column":80}},"6":{"start":{"line":26,"column":1},"end":{"line":26,"column":86}},"7":{"start":{"line":27,"column":1},"end":{"line":27,"column":30}},"8":{"start":{"line":28,"column":1},"end":{"line":28,"column":33}},"9":{"start":{"line":29,"column":1},"end":{"line":29,"column":31}},"10":{"start":{"line":30,"column":1},"end":{"line":30,"column":34}},"11":{"start":{"line":31,"column":1},"end":{"line":31,"column":32}},"12":{"start":{"line":32,"column":1},"end":{"line":32,"column":32}},"13":{"start":{"line":33,"column":1},"end":{"line":33,"column":138}},"14":{"start":{"line":34,"column":1},"end":{"line":34,"column":107}},"15":{"start":{"line":35,"column":1},"end":{"line":35,"column":51}},"16":{"start":{"line":36,"column":1},"end":{"line":36,"column":168}},"17":{"start":{"line":37,"column":1},"end":{"line":37,"column":104}},"18":{"start":{"line":38,"column":1},"end":{"line":38,"column":131}},"19":{"start":{"line":39,"column":1},"end":{"line":39,"column":240}},"20":{"start":{"line":40,"column":1},"end":{"line":40,"column":167}},"21":{"start":{"line":41,"column":1},"end":{"line":41,"column":194}},"22":{"start":{"line":42,"column":1},"end":{"line":42,"column":185}},"23":{"start":{"line":43,"column":1},"end":{"line":43,"column":45}},"24":{"start":{"line":45,"column":1},"end":{"line":45,"column":17}}},"branchMap":{"1":{"line":22,"type":"binary-expr","locations":[{"start":{"line":22,"column":16},"end":{"line":22,"column":29}},{"start":{"line":22,"column":33},"end":{"line":22,"column":35}}]},"2":{"line":25,"type":"binary-expr","locations":[{"start":{"line":25,"column":21},"end":{"line":25,"column":38}},{"start":{"line":25,"column":42},"end":{"line":25,"column":79}}]},"3":{"line":26,"type":"binary-expr","locations":[{"start":{"line":26,"column":23},"end":{"line":26,"column":42}},{"start":{"line":26,"column":46},"end":{"line":26,"column":85}}]},"4":{"line":33,"type":"cond-expr","locations":[{"start":{"line":33,"column":70},"end":{"line":33,"column":89}},{"start":{"line":33,"column":92},"end":{"line":33,"column":137}}]},"5":{"line":34,"type":"binary-expr","locations":[{"start":{"line":34,"column":28},"end":{"line":34,"column":52}},{"start":{"line":34,"column":56},"end":{"line":34,"column":106}}]},"6":{"line":35,"type":"binary-expr","locations":[{"start":{"line":35,"column":24},"end":{"line":35,"column":44}},{"start":{"line":35,"column":48},"end":{"line":35,"column":50}}]},"7":{"line":36,"type":"cond-expr","locations":[{"start":{"line":36,"column":88},"end":{"line":36,"column":116}},{"start":{"line":36,"column":119},"end":{"line":36,"column":167}}]},"8":{"line":37,"type":"binary-expr","locations":[{"start":{"line":37,"column":29},"end":{"line":37,"column":54}},{"start":{"line":37,"column":58},"end":{"line":37,"column":103}}]},"9":{"line":38,"type":"binary-expr","locations":[{"start":{"line":38,"column":38},"end":{"line":38,"column":72}},{"start":{"line":38,"column":76},"end":{"line":38,"column":130}}]},"10":{"line":39,"type":"cond-expr","locations":[{"start":{"line":39,"column":124},"end":{"line":39,"column":170}},{"start":{"line":39,"column":173},"end":{"line":39,"column":239}}]},"11":{"line":40,"type":"binary-expr","locations":[{"start":{"line":40,"column":50},"end":{"line":40,"column":96}},{"start":{"line":40,"column":100},"end":{"line":40,"column":166}}]},"12":{"line":41,"type":"binary-expr","locations":[{"start":{"line":41,"column":59},"end":{"line":41,"column":114}},{"start":{"line":41,"column":118},"end":{"line":41,"column":193}}]},"13":{"line":42,"type":"binary-expr","locations":[{"start":{"line":42,"column":56},"end":{"line":42,"column":108}},{"start":{"line":42,"column":112},"end":{"line":42,"column":184}}]},"14":{"line":43,"type":"binary-expr","locations":[{"start":{"line":43,"column":21},"end":{"line":43,"column":38}},{"start":{"line":43,"column":42},"end":{"line":43,"column":44}}]}}},"src\\js\\_event-factory.js":{"path":"src\\js\\_event-factory.js","s":{"1":1,"2":7,"3":7,"4":7,"5":0,"6":0,"7":7,"8":0,"9":0,"10":0,"11":0,"12":0,"13":0,"14":0,"15":7},"b":{"1":[0,0],"2":[0,0]},"f":{"1":7,"2":0,"3":0},"fnMap":{"1":{"name":"(anonymous_1)","line":2,"loc":{"start":{"line":2,"column":35},"end":{"line":2,"column":45}}},"2":{"name":"(anonymous_2)","line":10,"loc":{"start":{"line":10,"column":13},"end":{"line":10,"column":38}}},"3":{"name":"(anonymous_3)","line":18,"loc":{"start":{"line":18,"column":18},"end":{"line":18,"column":41}}}},"statementMap":{"1":{"start":{"line":2,"column":0},"end":{"line":44,"column":2}},"2":{"start":{"line":4,"column":1},"end":{"line":4,"column":17}},"3":{"start":{"line":7,"column":1},"end":{"line":7,"column":24}},"4":{"start":{"line":10,"column":1},"end":{"line":15,"column":6}},"5":{"start":{"line":12,"column":8},"end":{"line":12,"column":66}},"6":{"start":{"line":14,"column":8},"end":{"line":14,"column":46}},"7":{"start":{"line":18,"column":1},"end":{"line":40,"column":6}},"8":{"start":{"line":20,"column":8},"end":{"line":39,"column":9}},"9":{"start":{"line":22,"column":12},"end":{"line":38,"column":13}},"10":{"start":{"line":24,"column":16},"end":{"line":24,"column":34}},"11":{"start":{"line":27,"column":16},"end":{"line":29,"column":17}},"12":{"start":{"line":28,"column":20},"end":{"line":28,"column":44}},"13":{"start":{"line":32,"column":4},"end":{"line":37,"column":5}},"14":{"start":{"line":33,"column":5},"end":{"line":33,"column":64}},"15":{"start":{"line":43,"column":4},"end":{"line":43,"column":18}}},"branchMap":{"1":{"line":12,"type":"binary-expr","locations":[{"start":{"line":12,"column":35},"end":{"line":12,"column":59}},{"start":{"line":12,"column":63},"end":{"line":12,"column":65}}]},"2":{"line":20,"type":"if","locations":[{"start":{"line":20,"column":8},"end":{"line":20,"column":8}},{"start":{"line":20,"column":8},"end":{"line":20,"column":8}}]}}},"src\\js\\_translations.js":{"path":"src\\js\\_translations.js","s":{"1":1},"b":{},"f":{},"fnMap":{},"statementMap":{"1":{"start":{"line":2,"column":0},"end":{"line":17,"column":2}}},"branchMap":{}},"src\\js\\_ua.js":{"path":"src\\js\\_ua.js","s":{"1":1,"2":2,"3":2,"4":1,"5":1,"6":1,"7":1,"8":2,"9":0,"10":0,"11":0},"b":{"1":[1,1],"2":[0,0]},"f":{"1":2,"2":0},"fnMap":{"1":{"name":"(anonymous_1)","line":4,"loc":{"start":{"line":4,"column":14},"end":{"line":4,"column":28}}},"2":{"name":"(anonymous_2)","line":19,"loc":{"start":{"line":19,"column":14},"end":{"line":19,"column":24}}}},"statementMap":{"1":{"start":{"line":2,"column":0},"end":{"line":26,"column":2}},"2":{"start":{"line":6,"column":12},"end":{"line":6,"column":62}},"3":{"start":{"line":9,"column":12},"end":{"line":14,"column":13}},"4":{"start":{"line":10,"column":16},"end":{"line":10,"column":82}},"5":{"start":{"line":11,"column":16},"end":{"line":11,"column":55}},"6":{"start":{"line":12,"column":16},"end":{"line":12,"column":50}},"7":{"start":{"line":13,"column":16},"end":{"line":13,"column":97}},"8":{"start":{"line":17,"column":12},"end":{"line":17,"column":36}},"9":{"start":{"line":20,"column":12},"end":{"line":20,"column":62}},"10":{"start":{"line":21,"column":12},"end":{"line":23,"column":13}},"11":{"start":{"line":22,"column":16},"end":{"line":22,"column":54}}},"branchMap":{"1":{"line":9,"type":"if","locations":[{"start":{"line":9,"column":12},"end":{"line":9,"column":12}},{"start":{"line":9,"column":12},"end":{"line":9,"column":12}}]},"2":{"line":21,"type":"if","locations":[{"start":{"line":21,"column":12},"end":{"line":21,"column":12}},{"start":{"line":21,"column":12},"end":{"line":21,"column":12}}]}}},"src\\js\\_urls.js":{"path":"src\\js\\_urls.js","s":{"1":1,"2":0,"3":1,"4":1,"5":0,"6":1,"7":7,"8":2,"9":2,"10":2,"11":2},"b":{"1":[1,1],"2":[0,1],"3":[2,5],"4":[2,0]},"f":{"1":0,"2":1,"3":7,"4":2},"fnMap":{"1":{"name":"(anonymous_1)","line":7,"loc":{"start":{"line":7,"column":17},"end":{"line":7,"column":27}}},"2":{"name":"(anonymous_2)","line":10,"loc":{"start":{"line":10,"column":18},"end":{"line":10,"column":36}}},"3":{"name":"(anonymous_3)","line":26,"loc":{"start":{"line":26,"column":12},"end":{"line":26,"column":30}}},"4":{"name":"(anonymous_4)","line":31,"loc":{"start":{"line":31,"column":16},"end":{"line":31,"column":31}}}},"statementMap":{"1":{"start":{"line":2,"column":0},"end":{"line":37,"column":2}},"2":{"start":{"line":8,"column":8},"end":{"line":8,"column":49}},"3":{"start":{"line":11,"column":8},"end":{"line":16,"column":10}},"4":{"start":{"line":18,"column":8},"end":{"line":20,"column":9}},"5":{"start":{"line":19,"column":10},"end":{"line":19,"column":53}},"6":{"start":{"line":21,"column":8},"end":{"line":21,"column":36}},"7":{"start":{"line":27,"column":4},"end":{"line":29,"column":5}},"8":{"start":{"line":28,"column":6},"end":{"line":28,"column":70}},"9":{"start":{"line":32,"column":6},"end":{"line":32,"column":64}},"10":{"start":{"line":33,"column":6},"end":{"line":34,"column":48}},"11":{"start":{"line":35,"column":6},"end":{"line":35,"column":88}}},"branchMap":{"1":{"line":15,"type":"binary-expr","locations":[{"start":{"line":15,"column":17},"end":{"line":15,"column":33}},{"start":{"line":15,"column":37},"end":{"line":15,"column":62}}]},"2":{"line":18,"type":"if","locations":[{"start":{"line":18,"column":8},"end":{"line":18,"column":8}},{"start":{"line":18,"column":8},"end":{"line":18,"column":8}}]},"3":{"line":27,"type":"if","locations":[{"start":{"line":27,"column":4},"end":{"line":27,"column":4}},{"start":{"line":27,"column":4},"end":{"line":27,"column":4}}]},"4":{"line":35,"type":"cond-expr","locations":[{"start":{"line":35,"column":32},"end":{"line":35,"column":34}},{"start":{"line":35,"column":37},"end":{"line":35,"column":87}}]}}},"src\\js\\main-address.js":{"path":"src\\js\\main-address.js","s":{"1":1,"2":7,"3":7,"4":7,"5":7,"6":7,"7":2,"8":2,"9":2,"10":5,"11":5,"12":5,"13":1,"14":1,"15":1,"16":1,"17":1,"18":1,"19":1,"20":0,"21":1,"22":0,"23":7,"24":0,"25":0,"26":0,"27":0,"28":0,"29":7,"30":1,"31":1,"32":1,"33":0,"34":0,"35":1,"36":1,"37":1,"38":1,"39":1,"40":1,"41":1,"42":1,"43":0,"44":0,"45":0,"46":0,"47":0,"48":0,"49":0,"50":0,"51":0,"52":0,"53":1,"54":0,"55":7,"56":5,"57":5,"58":4,"59":7,"60":5,"61":7,"62":0,"63":0,"64":0,"65":0,"66":0,"67":7,"68":4,"69":7,"70":0,"71":0,"72":0,"73":0,"74":7,"75":0,"76":0,"77":0,"78":0,"79":0,"80":0,"81":0,"82":0,"83":0,"84":0,"85":0,"86":0,"87":0,"88":0,"89":0,"90":0,"91":0,"92":0,"93":0,"94":0,"95":0,"96":0,"97":0,"98":0,"99":0,"100":0,"101":0,"102":0,"103":0,"104":0,"105":0,"106":0,"107":0,"108":0,"109":0,"110":0,"111":0,"112":0,"113":0,"114":0,"115":0,"116":0,"117":0,"118":0,"119":0,"120":0,"121":0,"122":0,"123":0,"124":0,"125":0,"126":0,"127":0,"128":0,"129":0,"130":0,"131":0,"132":0,"133":0,"134":0,"135":0,"136":0,"137":0,"138":0,"139":0,"140":0,"141":0,"142":0,"143":0,"144":0,"145":0,"146":0,"147":0,"148":0,"149":0,"150":0,"151":0,"152":0,"153":0,"154":0,"155":0,"156":0,"157":0,"158":0,"159":0,"160":0,"161":0,"162":0,"163":0,"164":0,"165":0,"166":0,"167":0,"168":0,"169":0,"170":0,"171":0,"172":0,"173":0,"174":0,"175":0,"176":0,"177":0,"178":0,"179":0,"180":0,"181":0,"182":0,"183":0,"184":0,"185":7,"186":0,"187":0,"188":0,"189":0,"190":0,"191":0,"192":0,"193":0,"194":0,"195":0,"196":0,"197":0,"198":0,"199":0,"200":0,"201":0,"202":0,"203":0,"204":0,"205":0,"206":0,"207":0,"208":0,"209":0,"210":0,"211":0,"212":0,"213":0,"214":0,"215":0,"216":0,"217":0,"218":0,"219":0,"220":0,"221":0,"222":0,"223":0,"224":0,"225":0,"226":0,"227":0,"228":0,"229":0,"230":0,"231":0,"232":0,"233":0,"234":0,"235":0,"236":0,"237":0,"238":0,"239":0,"240":0,"241":0,"242":0,"243":0,"244":0,"245":0,"246":0,"247":0,"248":0,"249":0,"250":0,"251":0,"252":0,"253":0,"254":0,"255":0,"256":0,"257":0,"258":0,"259":0,"260":0,"261":0,"262":0,"263":0,"264":0,"265":0,"266":0,"267":0,"268":0,"269":0,"270":0,"271":7,"272":0,"273":0,"274":0,"275":0,"276":0,"277":0,"278":7,"279":0,"280":0,"281":0,"282":0,"283":0,"284":0,"285":0,"286":0,"287":0,"288":0,"289":0,"290":0,"291":0,"292":0,"293":7,"294":0,"295":0,"296":0,"297":0,"298":0,"299":0,"300":0,"301":0,"302":0,"303":7,"304":0,"305":0,"306":0,"307":0,"308":0,"309":0,"310":0,"311":0,"312":0,"313":0,"314":0,"315":0,"316":0,"317":0,"318":0,"319":0,"320":0,"321":0,"322":7,"323":0,"324":0,"325":0,"326":0,"327":0,"328":0,"329":0,"330":0,"331":0,"332":0,"333":0,"334":0,"335":0,"336":0,"337":0,"338":0,"339":0,"340":0,"341":0,"342":0,"343":0,"344":0,"345":0,"346":0,"347":0,"348":0,"349":0,"350":0,"351":0,"352":7,"353":7},"b":{"1":[2,5],"2":[1,4],"3":[1,0],"4":[0,1],"5":[0,0],"6":[1,0],"7":[1,1],"8":[0,1],"9":[1,1,1],"10":[1,0],"11":[1,1],"12":[1,0],"13":[0,1],"14":[0,0],"15":[0,1],"16":[4,1],"17":[5,3,1,1,0,0],"18":[0,0],"19":[0,0],"20":[0,0],"21":[0,0],"22":[0,0],"23":[0,0],"24":[0,0],"25":[0,0],"26":[0,0],"27":[0,0],"28":[0,0],"29":[0,0],"30":[0,0],"31":[0,0],"32":[0,0],"33":[0,0],"34":[0,0],"35":[0,0],"36":[0,0],"37":[0,0],"38":[0,0],"39":[0,0],"40":[0,0],"41":[0,0],"42":[0,0],"43":[0,0],"44":[0,0],"45":[0,0],"46":[0,0],"47":[0,0],"48":[0,0],"49":[0,0],"50":[0,0],"51":[0,0],"52":[0,0],"53":[0,0],"54":[0,0],"55":[0,0],"56":[0,0],"57":[0,0],"58":[0,0],"59":[0,0],"60":[0,0],"61":[0,0],"62":[0,0],"63":[0,0],"64":[0,0],"65":[0,0,0],"66":[0,0],"67":[0,0],"68":[0,0],"69":[0,0],"70":[0,0],"71":[0,0],"72":[0,0],"73":[0,0],"74":[0,0],"75":[0,0],"76":[0,0],"77":[0,0],"78":[0,0],"79":[0,0],"80":[0,0],"81":[0,0],"82":[0,0],"83":[0,0]},"f":{"1":7,"2":7,"3":0,"4":0,"5":1,"6":5,"7":5,"8":0,"9":4,"10":0,"11":0,"12":0,"13":0,"14":0,"15":0,"16":0,"17":0,"18":0,"19":0,"20":0,"21":0,"22":0,"23":0,"24":0,"25":0,"26":0,"27":0,"28":0,"29":0,"30":0,"31":0,"32":0,"33":0,"34":0,"35":0,"36":0,"37":0,"38":0,"39":0,"40":0,"41":0,"42":0,"43":0,"44":0,"45":0,"46":0,"47":0,"48":0,"49":0},"fnMap":{"1":{"name":"(anonymous_1)","line":2,"loc":{"start":{"line":2,"column":30},"end":{"line":2,"column":53}}},"2":{"name":"(anonymous_2)","line":10,"loc":{"start":{"line":10,"column":18},"end":{"line":10,"column":28}}},"3":{"name":"(anonymous_3)","line":36,"loc":{"start":{"line":36,"column":59},"end":{"line":36,"column":74}}},"4":{"name":"(anonymous_4)","line":46,"loc":{"start":{"line":46,"column":20},"end":{"line":46,"column":31}}},"5":{"name":"(anonymous_5)","line":58,"loc":{"start":{"line":58,"column":20},"end":{"line":58,"column":35}}},"6":{"name":"(anonymous_6)","line":119,"loc":{"start":{"line":119,"column":28},"end":{"line":119,"column":38}}},"7":{"name":"(anonymous_7)","line":129,"loc":{"start":{"line":129,"column":23},"end":{"line":129,"column":33}}},"8":{"name":"(anonymous_8)","line":143,"loc":{"start":{"line":143,"column":22},"end":{"line":143,"column":38}}},"9":{"name":"(anonymous_9)","line":152,"loc":{"start":{"line":152,"column":35},"end":{"line":152,"column":45}}},"10":{"name":"(anonymous_10)","line":159,"loc":{"start":{"line":159,"column":20},"end":{"line":159,"column":33}}},"11":{"name":"(anonymous_11)","line":179,"loc":{"start":{"line":179,"column":10},"end":{"line":179,"column":25}}},"12":{"name":"(anonymous_12)","line":209,"loc":{"start":{"line":209,"column":40},"end":{"line":209,"column":54}}},"13":{"name":"(anonymous_13)","line":223,"loc":{"start":{"line":223,"column":10},"end":{"line":223,"column":20}}},"14":{"name":"(anonymous_14)","line":236,"loc":{"start":{"line":236,"column":14},"end":{"line":236,"column":24}}},"15":{"name":"(anonymous_15)","line":248,"loc":{"start":{"line":248,"column":15},"end":{"line":248,"column":25}}},"16":{"name":"(anonymous_16)","line":255,"loc":{"start":{"line":255,"column":13},"end":{"line":255,"column":23}}},"17":{"name":"(anonymous_17)","line":292,"loc":{"start":{"line":292,"column":31},"end":{"line":292,"column":49}}},"18":{"name":"(anonymous_18)","line":300,"loc":{"start":{"line":300,"column":16},"end":{"line":300,"column":26}}},"19":{"name":"(anonymous_19)","line":316,"loc":{"start":{"line":316,"column":20},"end":{"line":316,"column":34}}},"20":{"name":"(anonymous_20)","line":325,"loc":{"start":{"line":325,"column":19},"end":{"line":325,"column":31}}},"21":{"name":"(anonymous_21)","line":329,"loc":{"start":{"line":329,"column":11},"end":{"line":329,"column":22}}},"22":{"name":"(anonymous_22)","line":400,"loc":{"start":{"line":400,"column":25},"end":{"line":400,"column":39}}},"23":{"name":"(anonymous_23)","line":415,"loc":{"start":{"line":415,"column":12},"end":{"line":415,"column":25}}},"24":{"name":"(anonymous_24)","line":418,"loc":{"start":{"line":418,"column":16},"end":{"line":418,"column":26}}},"25":{"name":"(anonymous_25)","line":432,"loc":{"start":{"line":432,"column":10},"end":{"line":432,"column":24}}},"26":{"name":"(anonymous_26)","line":443,"loc":{"start":{"line":443,"column":10},"end":{"line":443,"column":24}}},"27":{"name":"(anonymous_27)","line":496,"loc":{"start":{"line":496,"column":10},"end":{"line":496,"column":20}}},"28":{"name":"(anonymous_28)","line":524,"loc":{"start":{"line":524,"column":37},"end":{"line":524,"column":47}}},"29":{"name":"(anonymous_29)","line":533,"loc":{"start":{"line":533,"column":19},"end":{"line":533,"column":29}}},"30":{"name":"(anonymous_30)","line":542,"loc":{"start":{"line":542,"column":19},"end":{"line":542,"column":33}}},"31":{"name":"(anonymous_31)","line":549,"loc":{"start":{"line":549,"column":23},"end":{"line":549,"column":66}}},"32":{"name":"(anonymous_32)","line":570,"loc":{"start":{"line":570,"column":18},"end":{"line":570,"column":31}}},"33":{"name":"(anonymous_33)","line":596,"loc":{"start":{"line":596,"column":27},"end":{"line":596,"column":37}}},"34":{"name":"(anonymous_34)","line":617,"loc":{"start":{"line":617,"column":21},"end":{"line":617,"column":41}}},"35":{"name":"(anonymous_35)","line":625,"loc":{"start":{"line":625,"column":22},"end":{"line":625,"column":32}}},"36":{"name":"(anonymous_36)","line":631,"loc":{"start":{"line":631,"column":30},"end":{"line":631,"column":45}}},"37":{"name":"(anonymous_37)","line":644,"loc":{"start":{"line":644,"column":10},"end":{"line":644,"column":20}}},"38":{"name":"(anonymous_38)","line":663,"loc":{"start":{"line":663,"column":10},"end":{"line":663,"column":20}}},"39":{"name":"(anonymous_39)","line":676,"loc":{"start":{"line":676,"column":19},"end":{"line":676,"column":34}}},"40":{"name":"(anonymous_40)","line":700,"loc":{"start":{"line":700,"column":16},"end":{"line":700,"column":29}}},"41":{"name":"(anonymous_41)","line":711,"loc":{"start":{"line":711,"column":18},"end":{"line":711,"column":31}}},"42":{"name":"(anonymous_42)","line":722,"loc":{"start":{"line":722,"column":15},"end":{"line":722,"column":28}}},"43":{"name":"(anonymous_43)","line":733,"loc":{"start":{"line":733,"column":14},"end":{"line":733,"column":27}}},"44":{"name":"(anonymous_44)","line":744,"loc":{"start":{"line":744,"column":22},"end":{"line":744,"column":32}}},"45":{"name":"(anonymous_45)","line":748,"loc":{"start":{"line":748,"column":39},"end":{"line":748,"column":49}}},"46":{"name":"(anonymous_46)","line":760,"loc":{"start":{"line":760,"column":10},"end":{"line":760,"column":47}}},"47":{"name":"(anonymous_47)","line":768,"loc":{"start":{"line":768,"column":47},"end":{"line":768,"column":61}}},"48":{"name":"(anonymous_48)","line":802,"loc":{"start":{"line":802,"column":48},"end":{"line":802,"column":62}}},"49":{"name":"(anonymous_49)","line":811,"loc":{"start":{"line":811,"column":50},"end":{"line":811,"column":64}}}},"statementMap":{"1":{"start":{"line":2,"column":0},"end":{"line":829,"column":2}},"2":{"start":{"line":4,"column":2},"end":{"line":4,"column":72}},"3":{"start":{"line":7,"column":2},"end":{"line":7,"column":59}},"4":{"start":{"line":10,"column":2},"end":{"line":44,"column":4}},"5":{"start":{"line":12,"column":4},"end":{"line":12,"column":48}},"6":{"start":{"line":13,"column":4},"end":{"line":19,"column":5}},"7":{"start":{"line":15,"column":6},"end":{"line":15,"column":31}},"8":{"start":{"line":17,"column":6},"end":{"line":17,"column":180}},"9":{"start":{"line":18,"column":6},"end":{"line":18,"column":13}},"10":{"start":{"line":21,"column":4},"end":{"line":21,"column":44}},"11":{"start":{"line":22,"column":4},"end":{"line":22,"column":30}},"12":{"start":{"line":24,"column":4},"end":{"line":43,"column":5}},"13":{"start":{"line":25,"column":6},"end":{"line":25,"column":47}},"14":{"start":{"line":26,"column":6},"end":{"line":26,"column":79}},"15":{"start":{"line":29,"column":6},"end":{"line":29,"column":64}},"16":{"start":{"line":30,"column":6},"end":{"line":30,"column":68}},"17":{"start":{"line":32,"column":6},"end":{"line":32,"column":75}},"18":{"start":{"line":34,"column":6},"end":{"line":34,"column":68}},"19":{"start":{"line":36,"column":6},"end":{"line":38,"column":9}},"20":{"start":{"line":37,"column":10},"end":{"line":37,"column":33}},"21":{"start":{"line":40,"column":6},"end":{"line":42,"column":7}},"22":{"start":{"line":41,"column":10},"end":{"line":41,"column":33}},"23":{"start":{"line":46,"column":2},"end":{"line":56,"column":4}},"24":{"start":{"line":48,"column":4},"end":{"line":54,"column":5}},"25":{"start":{"line":49,"column":6},"end":{"line":49,"column":47}},"26":{"start":{"line":51,"column":6},"end":{"line":51,"column":67}},"27":{"start":{"line":52,"column":6},"end":{"line":52,"column":71}},"28":{"start":{"line":53,"column":6},"end":{"line":53,"column":64}},"29":{"start":{"line":58,"column":2},"end":{"line":117,"column":4}},"30":{"start":{"line":60,"column":4},"end":{"line":60,"column":34}},"31":{"start":{"line":61,"column":8},"end":{"line":61,"column":33}},"32":{"start":{"line":62,"column":8},"end":{"line":65,"column":9}},"33":{"start":{"line":63,"column":12},"end":{"line":63,"column":39}},"34":{"start":{"line":64,"column":12},"end":{"line":64,"column":19}},"35":{"start":{"line":67,"column":4},"end":{"line":67,"column":54}},"36":{"start":{"line":70,"column":4},"end":{"line":70,"column":115}},"37":{"start":{"line":71,"column":4},"end":{"line":71,"column":55}},"38":{"start":{"line":73,"column":4},"end":{"line":73,"column":56}},"39":{"start":{"line":74,"column":4},"end":{"line":74,"column":58}},"40":{"start":{"line":81,"column":4},"end":{"line":83,"column":9}},"41":{"start":{"line":82,"column":12},"end":{"line":82,"column":52}},"42":{"start":{"line":86,"column":4},"end":{"line":116,"column":5}},"43":{"start":{"line":88,"column":6},"end":{"line":90,"column":7}},"44":{"start":{"line":89,"column":8},"end":{"line":89,"column":48}},"45":{"start":{"line":93,"column":6},"end":{"line":93,"column":72}},"46":{"start":{"line":96,"column":6},"end":{"line":96,"column":71}},"47":{"start":{"line":97,"column":6},"end":{"line":97,"column":81}},"48":{"start":{"line":100,"column":6},"end":{"line":100,"column":59}},"49":{"start":{"line":103,"column":6},"end":{"line":103,"column":29}},"50":{"start":{"line":106,"column":6},"end":{"line":106,"column":36}},"51":{"start":{"line":109,"column":6},"end":{"line":109,"column":36}},"52":{"start":{"line":112,"column":6},"end":{"line":112,"column":71}},"53":{"start":{"line":113,"column":11},"end":{"line":116,"column":5}},"54":{"start":{"line":115,"column":6},"end":{"line":115,"column":31}},"55":{"start":{"line":119,"column":2},"end":{"line":126,"column":4}},"56":{"start":{"line":120,"column":4},"end":{"line":120,"column":57}},"57":{"start":{"line":123,"column":4},"end":{"line":125,"column":5}},"58":{"start":{"line":124,"column":6},"end":{"line":124,"column":39}},"59":{"start":{"line":129,"column":2},"end":{"line":140,"column":4}},"60":{"start":{"line":131,"column":4},"end":{"line":139,"column":51}},"61":{"start":{"line":143,"column":2},"end":{"line":150,"column":4}},"62":{"start":{"line":144,"column":4},"end":{"line":144,"column":34}},"63":{"start":{"line":145,"column":8},"end":{"line":145,"column":33}},"64":{"start":{"line":146,"column":8},"end":{"line":149,"column":9}},"65":{"start":{"line":147,"column":12},"end":{"line":147,"column":39}},"66":{"start":{"line":148,"column":12},"end":{"line":148,"column":19}},"67":{"start":{"line":152,"column":2},"end":{"line":156,"column":4}},"68":{"start":{"line":155,"column":4},"end":{"line":155,"column":30}},"69":{"start":{"line":159,"column":2},"end":{"line":171,"column":4}},"70":{"start":{"line":161,"column":4},"end":{"line":161,"column":58}},"71":{"start":{"line":164,"column":4},"end":{"line":164,"column":34}},"72":{"start":{"line":167,"column":4},"end":{"line":167,"column":36}},"73":{"start":{"line":170,"column":4},"end":{"line":170,"column":82}},"74":{"start":{"line":173,"column":2},"end":{"line":439,"column":4}},"75":{"start":{"line":181,"column":6},"end":{"line":181,"column":57}},"76":{"start":{"line":184,"column":6},"end":{"line":184,"column":43}},"77":{"start":{"line":187,"column":6},"end":{"line":187,"column":62}},"78":{"start":{"line":190,"column":6},"end":{"line":190,"column":88}},"79":{"start":{"line":193,"column":6},"end":{"line":193,"column":44}},"80":{"start":{"line":196,"column":6},"end":{"line":196,"column":40}},"81":{"start":{"line":199,"column":6},"end":{"line":199,"column":36}},"82":{"start":{"line":202,"column":6},"end":{"line":202,"column":144}},"83":{"start":{"line":204,"column":6},"end":{"line":220,"column":7}},"84":{"start":{"line":206,"column":8},"end":{"line":206,"column":80}},"85":{"start":{"line":209,"column":8},"end":{"line":216,"column":11}},"86":{"start":{"line":211,"column":10},"end":{"line":211,"column":64}},"87":{"start":{"line":212,"column":10},"end":{"line":212,"column":55}},"88":{"start":{"line":215,"column":10},"end":{"line":215,"column":45}},"89":{"start":{"line":219,"column":8},"end":{"line":219,"column":56}},"90":{"start":{"line":225,"column":6},"end":{"line":225,"column":43}},"91":{"start":{"line":227,"column":6},"end":{"line":227,"column":52}},"92":{"start":{"line":229,"column":6},"end":{"line":232,"column":7}},"93":{"start":{"line":230,"column":8},"end":{"line":230,"column":75}},"94":{"start":{"line":231,"column":8},"end":{"line":231,"column":43}},"95":{"start":{"line":237,"column":8},"end":{"line":240,"column":10}},"96":{"start":{"line":241,"column":8},"end":{"line":241,"column":62}},"97":{"start":{"line":242,"column":8},"end":{"line":242,"column":54}},"98":{"start":{"line":243,"column":8},"end":{"line":243,"column":101}},"99":{"start":{"line":244,"column":8},"end":{"line":244,"column":86}},"100":{"start":{"line":245,"column":8},"end":{"line":245,"column":24}},"101":{"start":{"line":249,"column":8},"end":{"line":252,"column":9}},"102":{"start":{"line":250,"column":10},"end":{"line":250,"column":101}},"103":{"start":{"line":251,"column":10},"end":{"line":251,"column":66}},"104":{"start":{"line":256,"column":8},"end":{"line":268,"column":10}},"105":{"start":{"line":270,"column":8},"end":{"line":286,"column":9}},"106":{"start":{"line":272,"column":10},"end":{"line":272,"column":60}},"107":{"start":{"line":273,"column":10},"end":{"line":275,"column":11}},"108":{"start":{"line":274,"column":12},"end":{"line":274,"column":64}},"109":{"start":{"line":276,"column":10},"end":{"line":278,"column":11}},"110":{"start":{"line":277,"column":12},"end":{"line":277,"column":64}},"111":{"start":{"line":279,"column":10},"end":{"line":281,"column":11}},"112":{"start":{"line":280,"column":12},"end":{"line":280,"column":64}},"113":{"start":{"line":282,"column":10},"end":{"line":285,"column":11}},"114":{"start":{"line":284,"column":12},"end":{"line":284,"column":64}},"115":{"start":{"line":288,"column":8},"end":{"line":288,"column":40}},"116":{"start":{"line":289,"column":8},"end":{"line":289,"column":92}},"117":{"start":{"line":293,"column":8},"end":{"line":293,"column":68}},"118":{"start":{"line":294,"column":8},"end":{"line":294,"column":28}},"119":{"start":{"line":295,"column":8},"end":{"line":295,"column":41}},"120":{"start":{"line":296,"column":8},"end":{"line":296,"column":26}},"121":{"start":{"line":301,"column":6},"end":{"line":301,"column":52}},"122":{"start":{"line":302,"column":6},"end":{"line":302,"column":60}},"123":{"start":{"line":304,"column":6},"end":{"line":304,"column":84}},"124":{"start":{"line":305,"column":6},"end":{"line":305,"column":46}},"125":{"start":{"line":307,"column":6},"end":{"line":307,"column":47}},"126":{"start":{"line":308,"column":6},"end":{"line":308,"column":45}},"127":{"start":{"line":310,"column":6},"end":{"line":310,"column":34}},"128":{"start":{"line":312,"column":6},"end":{"line":312,"column":64}},"129":{"start":{"line":313,"column":6},"end":{"line":313,"column":18}},"130":{"start":{"line":317,"column":6},"end":{"line":317,"column":46}},"131":{"start":{"line":318,"column":6},"end":{"line":318,"column":66}},"132":{"start":{"line":320,"column":6},"end":{"line":320,"column":46}},"133":{"start":{"line":321,"column":6},"end":{"line":321,"column":17}},"134":{"start":{"line":326,"column":10},"end":{"line":326,"column":42}},"135":{"start":{"line":330,"column":6},"end":{"line":332,"column":13}},"136":{"start":{"line":331,"column":14},"end":{"line":331,"column":21}},"137":{"start":{"line":334,"column":12},"end":{"line":337,"column":13}},"138":{"start":{"line":335,"column":16},"end":{"line":335,"column":47}},"139":{"start":{"line":336,"column":16},"end":{"line":336,"column":23}},"140":{"start":{"line":340,"column":12},"end":{"line":341,"column":46}},"141":{"start":{"line":344,"column":12},"end":{"line":346,"column":13}},"142":{"start":{"line":345,"column":16},"end":{"line":345,"column":23}},"143":{"start":{"line":349,"column":12},"end":{"line":354,"column":13}},"144":{"start":{"line":350,"column":16},"end":{"line":350,"column":45}},"145":{"start":{"line":353,"column":16},"end":{"line":353,"column":45}},"146":{"start":{"line":357,"column":12},"end":{"line":360,"column":13}},"147":{"start":{"line":358,"column":16},"end":{"line":358,"column":66}},"148":{"start":{"line":359,"column":16},"end":{"line":359,"column":35}},"149":{"start":{"line":361,"column":12},"end":{"line":364,"column":13}},"150":{"start":{"line":362,"column":16},"end":{"line":362,"column":47}},"151":{"start":{"line":363,"column":16},"end":{"line":363,"column":36}},"152":{"start":{"line":367,"column":10},"end":{"line":367,"column":75}},"153":{"start":{"line":369,"column":10},"end":{"line":369,"column":88}},"154":{"start":{"line":370,"column":10},"end":{"line":372,"column":11}},"155":{"start":{"line":371,"column":12},"end":{"line":371,"column":63}},"156":{"start":{"line":373,"column":10},"end":{"line":373,"column":57}},"157":{"start":{"line":375,"column":6},"end":{"line":375,"column":59}},"158":{"start":{"line":378,"column":12},"end":{"line":385,"column":14}},"159":{"start":{"line":386,"column":12},"end":{"line":397,"column":13}},"160":{"start":{"line":387,"column":16},"end":{"line":387,"column":53}},"161":{"start":{"line":389,"column":17},"end":{"line":397,"column":13}},"162":{"start":{"line":390,"column":16},"end":{"line":390,"column":55}},"163":{"start":{"line":392,"column":17},"end":{"line":397,"column":13}},"164":{"start":{"line":393,"column":16},"end":{"line":393,"column":112}},"165":{"start":{"line":395,"column":17},"end":{"line":397,"column":13}},"166":{"start":{"line":396,"column":16},"end":{"line":396,"column":112}},"167":{"start":{"line":401,"column":6},"end":{"line":401,"column":22}},"168":{"start":{"line":402,"column":6},"end":{"line":404,"column":7}},"169":{"start":{"line":403,"column":8},"end":{"line":403,"column":39}},"170":{"start":{"line":405,"column":6},"end":{"line":406,"column":40}},"171":{"start":{"line":407,"column":12},"end":{"line":410,"column":13}},"172":{"start":{"line":408,"column":16},"end":{"line":408,"column":103}},"173":{"start":{"line":409,"column":16},"end":{"line":409,"column":111}},"174":{"start":{"line":412,"column":12},"end":{"line":412,"column":25}},"175":{"start":{"line":416,"column":6},"end":{"line":416,"column":76}},"176":{"start":{"line":419,"column":6},"end":{"line":419,"column":23}},"177":{"start":{"line":421,"column":6},"end":{"line":426,"column":7}},"178":{"start":{"line":422,"column":8},"end":{"line":422,"column":73}},"179":{"start":{"line":424,"column":11},"end":{"line":426,"column":7}},"180":{"start":{"line":425,"column":8},"end":{"line":425,"column":53}},"181":{"start":{"line":427,"column":6},"end":{"line":429,"column":7}},"182":{"start":{"line":428,"column":8},"end":{"line":428,"column":45}},"183":{"start":{"line":434,"column":6},"end":{"line":434,"column":63}},"184":{"start":{"line":437,"column":6},"end":{"line":437,"column":51}},"185":{"start":{"line":441,"column":2},"end":{"line":628,"column":4}},"186":{"start":{"line":445,"column":6},"end":{"line":445,"column":36}},"187":{"start":{"line":448,"column":6},"end":{"line":448,"column":31}},"188":{"start":{"line":451,"column":6},"end":{"line":451,"column":32}},"189":{"start":{"line":453,"column":6},"end":{"line":491,"column":7}},"190":{"start":{"line":456,"column":8},"end":{"line":456,"column":28}},"191":{"start":{"line":460,"column":8},"end":{"line":460,"column":96}},"192":{"start":{"line":461,"column":8},"end":{"line":463,"column":9}},"193":{"start":{"line":462,"column":10},"end":{"line":462,"column":60}},"194":{"start":{"line":465,"column":8},"end":{"line":465,"column":118}},"195":{"start":{"line":466,"column":8},"end":{"line":466,"column":118}},"196":{"start":{"line":467,"column":8},"end":{"line":467,"column":118}},"197":{"start":{"line":468,"column":8},"end":{"line":468,"column":106}},"198":{"start":{"line":469,"column":8},"end":{"line":469,"column":102}},"199":{"start":{"line":470,"column":8},"end":{"line":470,"column":112}},"200":{"start":{"line":471,"column":8},"end":{"line":471,"column":104}},"201":{"start":{"line":474,"column":8},"end":{"line":474,"column":43}},"202":{"start":{"line":477,"column":8},"end":{"line":477,"column":48}},"203":{"start":{"line":482,"column":8},"end":{"line":490,"column":9}},"204":{"start":{"line":483,"column":10},"end":{"line":489,"column":11}},"205":{"start":{"line":485,"column":12},"end":{"line":488,"column":13}},"206":{"start":{"line":486,"column":14},"end":{"line":486,"column":55}},"207":{"start":{"line":487,"column":14},"end":{"line":487,"column":20}},"208":{"start":{"line":494,"column":6},"end":{"line":494,"column":62}},"209":{"start":{"line":498,"column":6},"end":{"line":501,"column":7}},"210":{"start":{"line":499,"column":8},"end":{"line":499,"column":89}},"211":{"start":{"line":500,"column":8},"end":{"line":500,"column":62}},"212":{"start":{"line":503,"column":6},"end":{"line":506,"column":7}},"213":{"start":{"line":504,"column":8},"end":{"line":504,"column":84}},"214":{"start":{"line":505,"column":8},"end":{"line":505,"column":46}},"215":{"start":{"line":509,"column":6},"end":{"line":521,"column":7}},"216":{"start":{"line":510,"column":8},"end":{"line":520,"column":9}},"217":{"start":{"line":512,"column":10},"end":{"line":519,"column":11}},"218":{"start":{"line":513,"column":12},"end":{"line":513,"column":74}},"219":{"start":{"line":515,"column":12},"end":{"line":518,"column":13}},"220":{"start":{"line":516,"column":14},"end":{"line":516,"column":52}},"221":{"start":{"line":517,"column":14},"end":{"line":517,"column":20}},"222":{"start":{"line":525,"column":6},"end":{"line":525,"column":52}},"223":{"start":{"line":526,"column":6},"end":{"line":526,"column":51}},"224":{"start":{"line":529,"column":6},"end":{"line":529,"column":84}},"225":{"start":{"line":530,"column":6},"end":{"line":530,"column":60}},"226":{"start":{"line":535,"column":6},"end":{"line":539,"column":7}},"227":{"start":{"line":536,"column":8},"end":{"line":536,"column":93}},"228":{"start":{"line":537,"column":8},"end":{"line":537,"column":84}},"229":{"start":{"line":538,"column":8},"end":{"line":538,"column":71}},"230":{"start":{"line":544,"column":6},"end":{"line":547,"column":7}},"231":{"start":{"line":545,"column":8},"end":{"line":545,"column":126}},"232":{"start":{"line":546,"column":8},"end":{"line":546,"column":33}},"233":{"start":{"line":551,"column":6},"end":{"line":567,"column":7}},"234":{"start":{"line":552,"column":8},"end":{"line":552,"column":50}},"235":{"start":{"line":553,"column":8},"end":{"line":553,"column":41}},"236":{"start":{"line":554,"column":8},"end":{"line":554,"column":38}},"237":{"start":{"line":556,"column":8},"end":{"line":558,"column":9}},"238":{"start":{"line":557,"column":10},"end":{"line":557,"column":31}},"239":{"start":{"line":560,"column":8},"end":{"line":564,"column":9}},"240":{"start":{"line":561,"column":10},"end":{"line":561,"column":38}},"241":{"start":{"line":563,"column":10},"end":{"line":563,"column":42}},"242":{"start":{"line":566,"column":8},"end":{"line":566,"column":56}},"243":{"start":{"line":571,"column":6},"end":{"line":571,"column":22}},"244":{"start":{"line":572,"column":6},"end":{"line":572,"column":53}},"245":{"start":{"line":573,"column":6},"end":{"line":573,"column":62}},"246":{"start":{"line":574,"column":6},"end":{"line":574,"column":58}},"247":{"start":{"line":575,"column":6},"end":{"line":592,"column":7}},"248":{"start":{"line":576,"column":8},"end":{"line":591,"column":9}},"249":{"start":{"line":577,"column":10},"end":{"line":577,"column":69}},"250":{"start":{"line":578,"column":10},"end":{"line":588,"column":11}},"251":{"start":{"line":579,"column":12},"end":{"line":579,"column":36}},"252":{"start":{"line":580,"column":12},"end":{"line":580,"column":64}},"253":{"start":{"line":581,"column":12},"end":{"line":587,"column":13}},"254":{"start":{"line":583,"column":14},"end":{"line":586,"column":15}},"255":{"start":{"line":585,"column":16},"end":{"line":585,"column":54}},"256":{"start":{"line":593,"column":6},"end":{"line":593,"column":19}},"257":{"start":{"line":597,"column":6},"end":{"line":614,"column":7}},"258":{"start":{"line":598,"column":8},"end":{"line":598,"column":47}},"259":{"start":{"line":599,"column":8},"end":{"line":599,"column":39}},"260":{"start":{"line":600,"column":8},"end":{"line":600,"column":48}},"261":{"start":{"line":601,"column":8},"end":{"line":601,"column":51}},"262":{"start":{"line":603,"column":8},"end":{"line":603,"column":55}},"263":{"start":{"line":605,"column":8},"end":{"line":605,"column":41}},"264":{"start":{"line":608,"column":8},"end":{"line":613,"column":9}},"265":{"start":{"line":609,"column":10},"end":{"line":609,"column":70}},"266":{"start":{"line":612,"column":10},"end":{"line":612,"column":119}},"267":{"start":{"line":618,"column":6},"end":{"line":622,"column":7}},"268":{"start":{"line":619,"column":8},"end":{"line":621,"column":9}},"269":{"start":{"line":620,"column":10},"end":{"line":620,"column":79}},"270":{"start":{"line":626,"column":6},"end":{"line":626,"column":59}},"271":{"start":{"line":631,"column":2},"end":{"line":641,"column":4}},"272":{"start":{"line":632,"column":4},"end":{"line":632,"column":30}},"273":{"start":{"line":633,"column":4},"end":{"line":633,"column":53}},"274":{"start":{"line":634,"column":4},"end":{"line":640,"column":5}},"275":{"start":{"line":635,"column":6},"end":{"line":639,"column":7}},"276":{"start":{"line":636,"column":8},"end":{"line":636,"column":47}},"277":{"start":{"line":638,"column":8},"end":{"line":638,"column":44}},"278":{"start":{"line":643,"column":2},"end":{"line":673,"column":4}},"279":{"start":{"line":646,"column":6},"end":{"line":648,"column":7}},"280":{"start":{"line":647,"column":8},"end":{"line":647,"column":15}},"281":{"start":{"line":650,"column":8},"end":{"line":650,"column":61}},"282":{"start":{"line":651,"column":8},"end":{"line":651,"column":49}},"283":{"start":{"line":652,"column":8},"end":{"line":652,"column":56}},"284":{"start":{"line":655,"column":6},"end":{"line":655,"column":50}},"285":{"start":{"line":656,"column":6},"end":{"line":656,"column":39}},"286":{"start":{"line":657,"column":6},"end":{"line":657,"column":44}},"287":{"start":{"line":660,"column":6},"end":{"line":660,"column":91}},"288":{"start":{"line":665,"column":6},"end":{"line":667,"column":7}},"289":{"start":{"line":666,"column":8},"end":{"line":666,"column":15}},"290":{"start":{"line":668,"column":6},"end":{"line":668,"column":78}},"291":{"start":{"line":669,"column":6},"end":{"line":671,"column":7}},"292":{"start":{"line":670,"column":8},"end":{"line":670,"column":55}},"293":{"start":{"line":676,"column":2},"end":{"line":695,"column":4}},"294":{"start":{"line":677,"column":4},"end":{"line":679,"column":5}},"295":{"start":{"line":678,"column":6},"end":{"line":678,"column":29}},"296":{"start":{"line":681,"column":4},"end":{"line":681,"column":28}},"297":{"start":{"line":683,"column":4},"end":{"line":683,"column":27}},"298":{"start":{"line":685,"column":4},"end":{"line":685,"column":30}},"299":{"start":{"line":687,"column":4},"end":{"line":687,"column":44}},"300":{"start":{"line":689,"column":4},"end":{"line":689,"column":57}},"301":{"start":{"line":691,"column":4},"end":{"line":691,"column":27}},"302":{"start":{"line":694,"column":4},"end":{"line":694,"column":42}},"303":{"start":{"line":698,"column":2},"end":{"line":755,"column":4}},"304":{"start":{"line":701,"column":6},"end":{"line":701,"column":31}},"305":{"start":{"line":704,"column":6},"end":{"line":704,"column":46}},"306":{"start":{"line":707,"column":6},"end":{"line":707,"column":56}},"307":{"start":{"line":712,"column":6},"end":{"line":712,"column":31}},"308":{"start":{"line":715,"column":6},"end":{"line":715,"column":46}},"309":{"start":{"line":718,"column":6},"end":{"line":718,"column":56}},"310":{"start":{"line":723,"column":6},"end":{"line":723,"column":31}},"311":{"start":{"line":726,"column":6},"end":{"line":726,"column":46}},"312":{"start":{"line":729,"column":6},"end":{"line":729,"column":56}},"313":{"start":{"line":734,"column":6},"end":{"line":734,"column":31}},"314":{"start":{"line":737,"column":6},"end":{"line":737,"column":46}},"315":{"start":{"line":740,"column":6},"end":{"line":740,"column":56}},"316":{"start":{"line":745,"column":6},"end":{"line":745,"column":52}},"317":{"start":{"line":746,"column":6},"end":{"line":746,"column":34}},"318":{"start":{"line":747,"column":6},"end":{"line":747,"column":81}},"319":{"start":{"line":748,"column":6},"end":{"line":753,"column":9}},"320":{"start":{"line":750,"column":8},"end":{"line":750,"column":52}},"321":{"start":{"line":752,"column":8},"end":{"line":752,"column":54}},"322":{"start":{"line":758,"column":2},"end":{"line":822,"column":4}},"323":{"start":{"line":761,"column":6},"end":{"line":761,"column":61}},"324":{"start":{"line":762,"column":6},"end":{"line":762,"column":62}},"325":{"start":{"line":763,"column":6},"end":{"line":763,"column":53}},"326":{"start":{"line":764,"column":6},"end":{"line":764,"column":85}},"327":{"start":{"line":765,"column":6},"end":{"line":765,"column":91}},"328":{"start":{"line":766,"column":6},"end":{"line":766,"column":85}},"329":{"start":{"line":768,"column":6},"end":{"line":800,"column":8}},"330":{"start":{"line":769,"column":8},"end":{"line":799,"column":9}},"331":{"start":{"line":771,"column":10},"end":{"line":771,"column":78}},"332":{"start":{"line":772,"column":10},"end":{"line":772,"column":47}},"333":{"start":{"line":773,"column":10},"end":{"line":773,"column":25}},"334":{"start":{"line":775,"column":10},"end":{"line":775,"column":45}},"335":{"start":{"line":778,"column":10},"end":{"line":778,"column":40}},"336":{"start":{"line":781,"column":10},"end":{"line":781,"column":56}},"337":{"start":{"line":784,"column":10},"end":{"line":798,"column":11}},"338":{"start":{"line":785,"column":12},"end":{"line":785,"column":49}},"339":{"start":{"line":788,"column":15},"end":{"line":798,"column":11}},"340":{"start":{"line":789,"column":12},"end":{"line":789,"column":51}},"341":{"start":{"line":792,"column":15},"end":{"line":798,"column":11}},"342":{"start":{"line":793,"column":12},"end":{"line":793,"column":48}},"343":{"start":{"line":796,"column":15},"end":{"line":798,"column":11}},"344":{"start":{"line":797,"column":12},"end":{"line":797,"column":47}},"345":{"start":{"line":802,"column":6},"end":{"line":809,"column":8}},"346":{"start":{"line":805,"column":8},"end":{"line":805,"column":38}},"347":{"start":{"line":808,"column":8},"end":{"line":808,"column":54}},"348":{"start":{"line":811,"column":6},"end":{"line":818,"column":8}},"349":{"start":{"line":814,"column":8},"end":{"line":814,"column":38}},"350":{"start":{"line":817,"column":8},"end":{"line":817,"column":56}},"351":{"start":{"line":820,"column":6},"end":{"line":820,"column":49}},"352":{"start":{"line":825,"column":2},"end":{"line":825,"column":18}},"353":{"start":{"line":828,"column":2},"end":{"line":828,"column":18}}},"branchMap":{"1":{"line":13,"type":"if","locations":[{"start":{"line":13,"column":4},"end":{"line":13,"column":4}},{"start":{"line":13,"column":4},"end":{"line":13,"column":4}}]},"2":{"line":24,"type":"if","locations":[{"start":{"line":24,"column":4},"end":{"line":24,"column":4}},{"start":{"line":24,"column":4},"end":{"line":24,"column":4}}]},"3":{"line":26,"type":"binary-expr","locations":[{"start":{"line":26,"column":36},"end":{"line":26,"column":72}},{"start":{"line":26,"column":76},"end":{"line":26,"column":78}}]},"4":{"line":40,"type":"if","locations":[{"start":{"line":40,"column":6},"end":{"line":40,"column":6}},{"start":{"line":40,"column":6},"end":{"line":40,"column":6}}]},"5":{"line":48,"type":"if","locations":[{"start":{"line":48,"column":4},"end":{"line":48,"column":4}},{"start":{"line":48,"column":4},"end":{"line":48,"column":4}}]},"6":{"line":60,"type":"binary-expr","locations":[{"start":{"line":60,"column":12},"end":{"line":60,"column":17}},{"start":{"line":60,"column":21},"end":{"line":60,"column":33}}]},"7":{"line":61,"type":"binary-expr","locations":[{"start":{"line":61,"column":12},"end":{"line":61,"column":19}},{"start":{"line":61,"column":23},"end":{"line":61,"column":32}}]},"8":{"line":62,"type":"if","locations":[{"start":{"line":62,"column":8},"end":{"line":62,"column":8}},{"start":{"line":62,"column":8},"end":{"line":62,"column":8}}]},"9":{"line":62,"type":"binary-expr","locations":[{"start":{"line":62,"column":12},"end":{"line":62,"column":20}},{"start":{"line":62,"column":30},"end":{"line":62,"column":38}},{"start":{"line":62,"column":50},"end":{"line":62,"column":58}}]},"10":{"line":70,"type":"binary-expr","locations":[{"start":{"line":70,"column":29},"end":{"line":70,"column":84}},{"start":{"line":70,"column":88},"end":{"line":70,"column":114}}]},"11":{"line":74,"type":"binary-expr","locations":[{"start":{"line":74,"column":30},"end":{"line":74,"column":51}},{"start":{"line":74,"column":55},"end":{"line":74,"column":57}}]},"12":{"line":81,"type":"if","locations":[{"start":{"line":81,"column":4},"end":{"line":81,"column":4}},{"start":{"line":81,"column":4},"end":{"line":81,"column":4}}]},"13":{"line":86,"type":"if","locations":[{"start":{"line":86,"column":4},"end":{"line":86,"column":4}},{"start":{"line":86,"column":4},"end":{"line":86,"column":4}}]},"14":{"line":88,"type":"if","locations":[{"start":{"line":88,"column":6},"end":{"line":88,"column":6}},{"start":{"line":88,"column":6},"end":{"line":88,"column":6}}]},"15":{"line":113,"type":"if","locations":[{"start":{"line":113,"column":11},"end":{"line":113,"column":11}},{"start":{"line":113,"column":11},"end":{"line":113,"column":11}}]},"16":{"line":123,"type":"if","locations":[{"start":{"line":123,"column":4},"end":{"line":123,"column":4}},{"start":{"line":123,"column":4},"end":{"line":123,"column":4}}]},"17":{"line":131,"type":"binary-expr","locations":[{"start":{"line":131,"column":12},"end":{"line":131,"column":28}},{"start":{"line":133,"column":8},"end":{"line":133,"column":41}},{"start":{"line":135,"column":8},"end":{"line":135,"column":62}},{"start":{"line":137,"column":8},"end":{"line":137,"column":48}},{"start":{"line":137,"column":52},"end":{"line":137,"column":85}},{"start":{"line":139,"column":8},"end":{"line":139,"column":49}}]},"18":{"line":144,"type":"binary-expr","locations":[{"start":{"line":144,"column":12},"end":{"line":144,"column":17}},{"start":{"line":144,"column":21},"end":{"line":144,"column":33}}]},"19":{"line":145,"type":"binary-expr","locations":[{"start":{"line":145,"column":12},"end":{"line":145,"column":19}},{"start":{"line":145,"column":23},"end":{"line":145,"column":32}}]},"20":{"line":146,"type":"if","locations":[{"start":{"line":146,"column":8},"end":{"line":146,"column":8}},{"start":{"line":146,"column":8},"end":{"line":146,"column":8}}]},"21":{"line":190,"type":"binary-expr","locations":[{"start":{"line":190,"column":31},"end":{"line":190,"column":53}},{"start":{"line":190,"column":57},"end":{"line":190,"column":87}}]},"22":{"line":202,"type":"binary-expr","locations":[{"start":{"line":202,"column":52},"end":{"line":202,"column":95}},{"start":{"line":202,"column":99},"end":{"line":202,"column":143}}]},"23":{"line":204,"type":"if","locations":[{"start":{"line":204,"column":6},"end":{"line":204,"column":6}},{"start":{"line":204,"column":6},"end":{"line":204,"column":6}}]},"24":{"line":229,"type":"if","locations":[{"start":{"line":229,"column":6},"end":{"line":229,"column":6}},{"start":{"line":229,"column":6},"end":{"line":229,"column":6}}]},"25":{"line":249,"type":"if","locations":[{"start":{"line":249,"column":8},"end":{"line":249,"column":8}},{"start":{"line":249,"column":8},"end":{"line":249,"column":8}}]},"26":{"line":270,"type":"if","locations":[{"start":{"line":270,"column":8},"end":{"line":270,"column":8}},{"start":{"line":270,"column":8},"end":{"line":270,"column":8}}]},"27":{"line":273,"type":"if","locations":[{"start":{"line":273,"column":10},"end":{"line":273,"column":10}},{"start":{"line":273,"column":10},"end":{"line":273,"column":10}}]},"28":{"line":276,"type":"if","locations":[{"start":{"line":276,"column":10},"end":{"line":276,"column":10}},{"start":{"line":276,"column":10},"end":{"line":276,"column":10}}]},"29":{"line":279,"type":"if","locations":[{"start":{"line":279,"column":10},"end":{"line":279,"column":10}},{"start":{"line":279,"column":10},"end":{"line":279,"column":10}}]},"30":{"line":295,"type":"binary-expr","locations":[{"start":{"line":295,"column":26},"end":{"line":295,"column":34}},{"start":{"line":295,"column":38},"end":{"line":295,"column":40}}]},"31":{"line":330,"type":"if","locations":[{"start":{"line":330,"column":6},"end":{"line":330,"column":6}},{"start":{"line":330,"column":6},"end":{"line":330,"column":6}}]},"32":{"line":334,"type":"if","locations":[{"start":{"line":334,"column":12},"end":{"line":334,"column":12}},{"start":{"line":334,"column":12},"end":{"line":334,"column":12}}]},"33":{"line":334,"type":"binary-expr","locations":[{"start":{"line":334,"column":16},"end":{"line":334,"column":24}},{"start":{"line":334,"column":37},"end":{"line":334,"column":44}}]},"34":{"line":344,"type":"if","locations":[{"start":{"line":344,"column":12},"end":{"line":344,"column":12}},{"start":{"line":344,"column":12},"end":{"line":344,"column":12}}]},"35":{"line":349,"type":"if","locations":[{"start":{"line":349,"column":12},"end":{"line":349,"column":12}},{"start":{"line":349,"column":12},"end":{"line":349,"column":12}}]},"36":{"line":357,"type":"if","locations":[{"start":{"line":357,"column":12},"end":{"line":357,"column":12}},{"start":{"line":357,"column":12},"end":{"line":357,"column":12}}]},"37":{"line":361,"type":"if","locations":[{"start":{"line":361,"column":12},"end":{"line":361,"column":12}},{"start":{"line":361,"column":12},"end":{"line":361,"column":12}}]},"38":{"line":370,"type":"if","locations":[{"start":{"line":370,"column":10},"end":{"line":370,"column":10}},{"start":{"line":370,"column":10},"end":{"line":370,"column":10}}]},"39":{"line":386,"type":"if","locations":[{"start":{"line":386,"column":12},"end":{"line":386,"column":12}},{"start":{"line":386,"column":12},"end":{"line":386,"column":12}}]},"40":{"line":389,"type":"if","locations":[{"start":{"line":389,"column":17},"end":{"line":389,"column":17}},{"start":{"line":389,"column":17},"end":{"line":389,"column":17}}]},"41":{"line":392,"type":"if","locations":[{"start":{"line":392,"column":17},"end":{"line":392,"column":17}},{"start":{"line":392,"column":17},"end":{"line":392,"column":17}}]},"42":{"line":395,"type":"if","locations":[{"start":{"line":395,"column":17},"end":{"line":395,"column":17}},{"start":{"line":395,"column":17},"end":{"line":395,"column":17}}]},"43":{"line":402,"type":"if","locations":[{"start":{"line":402,"column":6},"end":{"line":402,"column":6}},{"start":{"line":402,"column":6},"end":{"line":402,"column":6}}]},"44":{"line":405,"type":"binary-expr","locations":[{"start":{"line":405,"column":23},"end":{"line":405,"column":35}},{"start":{"line":405,"column":39},"end":{"line":405,"column":41}}]},"45":{"line":421,"type":"if","locations":[{"start":{"line":421,"column":6},"end":{"line":421,"column":6}},{"start":{"line":421,"column":6},"end":{"line":421,"column":6}}]},"46":{"line":424,"type":"if","locations":[{"start":{"line":424,"column":11},"end":{"line":424,"column":11}},{"start":{"line":424,"column":11},"end":{"line":424,"column":11}}]},"47":{"line":427,"type":"if","locations":[{"start":{"line":427,"column":6},"end":{"line":427,"column":6}},{"start":{"line":427,"column":6},"end":{"line":427,"column":6}}]},"48":{"line":453,"type":"if","locations":[{"start":{"line":453,"column":6},"end":{"line":453,"column":6}},{"start":{"line":453,"column":6},"end":{"line":453,"column":6}}]},"49":{"line":461,"type":"if","locations":[{"start":{"line":461,"column":8},"end":{"line":461,"column":8}},{"start":{"line":461,"column":8},"end":{"line":461,"column":8}}]},"50":{"line":461,"type":"binary-expr","locations":[{"start":{"line":461,"column":11},"end":{"line":461,"column":53}},{"start":{"line":461,"column":57},"end":{"line":461,"column":100}}]},"51":{"line":483,"type":"if","locations":[{"start":{"line":483,"column":10},"end":{"line":483,"column":10}},{"start":{"line":483,"column":10},"end":{"line":483,"column":10}}]},"52":{"line":485,"type":"if","locations":[{"start":{"line":485,"column":12},"end":{"line":485,"column":12}},{"start":{"line":485,"column":12},"end":{"line":485,"column":12}}]},"53":{"line":485,"type":"binary-expr","locations":[{"start":{"line":485,"column":16},"end":{"line":485,"column":35}},{"start":{"line":485,"column":39},"end":{"line":485,"column":93}}]},"54":{"line":498,"type":"if","locations":[{"start":{"line":498,"column":6},"end":{"line":498,"column":6}},{"start":{"line":498,"column":6},"end":{"line":498,"column":6}}]},"55":{"line":503,"type":"if","locations":[{"start":{"line":503,"column":6},"end":{"line":503,"column":6}},{"start":{"line":503,"column":6},"end":{"line":503,"column":6}}]},"56":{"line":510,"type":"if","locations":[{"start":{"line":510,"column":8},"end":{"line":510,"column":8}},{"start":{"line":510,"column":8},"end":{"line":510,"column":8}}]},"57":{"line":515,"type":"if","locations":[{"start":{"line":515,"column":12},"end":{"line":515,"column":12}},{"start":{"line":515,"column":12},"end":{"line":515,"column":12}}]},"58":{"line":515,"type":"binary-expr","locations":[{"start":{"line":515,"column":15},"end":{"line":515,"column":32}},{"start":{"line":515,"column":36},"end":{"line":515,"column":90}}]},"59":{"line":535,"type":"if","locations":[{"start":{"line":535,"column":6},"end":{"line":535,"column":6}},{"start":{"line":535,"column":6},"end":{"line":535,"column":6}}]},"60":{"line":544,"type":"if","locations":[{"start":{"line":544,"column":6},"end":{"line":544,"column":6}},{"start":{"line":544,"column":6},"end":{"line":544,"column":6}}]},"61":{"line":551,"type":"if","locations":[{"start":{"line":551,"column":6},"end":{"line":551,"column":6}},{"start":{"line":551,"column":6},"end":{"line":551,"column":6}}]},"62":{"line":556,"type":"if","locations":[{"start":{"line":556,"column":8},"end":{"line":556,"column":8}},{"start":{"line":556,"column":8},"end":{"line":556,"column":8}}]},"63":{"line":556,"type":"binary-expr","locations":[{"start":{"line":556,"column":11},"end":{"line":556,"column":29}},{"start":{"line":556,"column":33},"end":{"line":556,"column":38}}]},"64":{"line":560,"type":"if","locations":[{"start":{"line":560,"column":8},"end":{"line":560,"column":8}},{"start":{"line":560,"column":8},"end":{"line":560,"column":8}}]},"65":{"line":560,"type":"binary-expr","locations":[{"start":{"line":560,"column":12},"end":{"line":560,"column":45}},{"start":{"line":560,"column":49},"end":{"line":560,"column":85}},{"start":{"line":560,"column":89},"end":{"line":560,"column":123}}]},"66":{"line":575,"type":"if","locations":[{"start":{"line":575,"column":6},"end":{"line":575,"column":6}},{"start":{"line":575,"column":6},"end":{"line":575,"column":6}}]},"67":{"line":578,"type":"if","locations":[{"start":{"line":578,"column":10},"end":{"line":578,"column":10}},{"start":{"line":578,"column":10},"end":{"line":578,"column":10}}]},"68":{"line":583,"type":"if","locations":[{"start":{"line":583,"column":14},"end":{"line":583,"column":14}},{"start":{"line":583,"column":14},"end":{"line":583,"column":14}}]},"69":{"line":597,"type":"if","locations":[{"start":{"line":597,"column":6},"end":{"line":597,"column":6}},{"start":{"line":597,"column":6},"end":{"line":597,"column":6}}]},"70":{"line":608,"type":"if","locations":[{"start":{"line":608,"column":8},"end":{"line":608,"column":8}},{"start":{"line":608,"column":8},"end":{"line":608,"column":8}}]},"71":{"line":618,"type":"if","locations":[{"start":{"line":618,"column":6},"end":{"line":618,"column":6}},{"start":{"line":618,"column":6},"end":{"line":618,"column":6}}]},"72":{"line":632,"type":"binary-expr","locations":[{"start":{"line":632,"column":12},"end":{"line":632,"column":17}},{"start":{"line":632,"column":21},"end":{"line":632,"column":29}}]},"73":{"line":635,"type":"if","locations":[{"start":{"line":635,"column":6},"end":{"line":635,"column":6}},{"start":{"line":635,"column":6},"end":{"line":635,"column":6}}]},"74":{"line":646,"type":"if","locations":[{"start":{"line":646,"column":6},"end":{"line":646,"column":6}},{"start":{"line":646,"column":6},"end":{"line":646,"column":6}}]},"75":{"line":665,"type":"if","locations":[{"start":{"line":665,"column":6},"end":{"line":665,"column":6}},{"start":{"line":665,"column":6},"end":{"line":665,"column":6}}]},"76":{"line":669,"type":"if","locations":[{"start":{"line":669,"column":6},"end":{"line":669,"column":6}},{"start":{"line":669,"column":6},"end":{"line":669,"column":6}}]},"77":{"line":677,"type":"if","locations":[{"start":{"line":677,"column":4},"end":{"line":677,"column":4}},{"start":{"line":677,"column":4},"end":{"line":677,"column":4}}]},"78":{"line":769,"type":"if","locations":[{"start":{"line":769,"column":8},"end":{"line":769,"column":8}},{"start":{"line":769,"column":8},"end":{"line":769,"column":8}}]},"79":{"line":769,"type":"binary-expr","locations":[{"start":{"line":769,"column":12},"end":{"line":769,"column":57}},{"start":{"line":769,"column":61},"end":{"line":769,"column":105}}]},"80":{"line":784,"type":"if","locations":[{"start":{"line":784,"column":10},"end":{"line":784,"column":10}},{"start":{"line":784,"column":10},"end":{"line":784,"column":10}}]},"81":{"line":788,"type":"if","locations":[{"start":{"line":788,"column":15},"end":{"line":788,"column":15}},{"start":{"line":788,"column":15},"end":{"line":788,"column":15}}]},"82":{"line":792,"type":"if","locations":[{"start":{"line":792,"column":15},"end":{"line":792,"column":15}},{"start":{"line":792,"column":15},"end":{"line":792,"column":15}}]},"83":{"line":796,"type":"if","locations":[{"start":{"line":796,"column":15},"end":{"line":796,"column":15}},{"start":{"line":796,"column":15},"end":{"line":796,"column":15}}]}}}}