{"src\\js\\_scaffolding.js":{"path":"src\\js\\_scaffolding.js","s":{"1":1},"b":{"1":[1,1]},"f":{},"fnMap":{},"statementMap":{"1":{"start":{"line":2,"column":0},"end":{"line":2,"column":88}}},"branchMap":{"1":{"line":2,"type":"binary-expr","locations":[{"start":{"line":2,"column":55},"end":{"line":2,"column":81}},{"start":{"line":2,"column":85},"end":{"line":2,"column":87}}]}}},"src\\js\\_defaults.js":{"path":"src\\js\\_defaults.js","s":{"1":1,"2":1,"3":7,"4":7,"5":7,"6":7,"7":7,"8":7,"9":7,"10":7,"11":7,"12":7,"13":7,"14":7,"15":7,"16":7,"17":7,"18":7,"19":7,"20":7,"21":7,"22":7,"23":7,"24":7,"25":7,"26":7,"27":7,"28":7,"29":7,"30":7,"31":7,"32":7,"33":7,"34":7,"35":7},"b":{"1":[7,0],"2":[7,7],"3":[7,7],"4":[0,7],"5":[7,7],"6":[7,7],"7":[0,7],"8":[7,7],"9":[7,7],"10":[7,0],"11":[7,0],"12":[7,0],"13":[7,0],"14":[7,5],"15":[7,7],"16":[0,7],"17":[7,7],"18":[7,7],"19":[0,7],"20":[0,7],"21":[7,7],"22":[0,7],"23":[0,7],"24":[0,7],"25":[0,7]},"f":{"1":7},"fnMap":{"1":{"name":"(anonymous_1)","line":31,"loc":{"start":{"line":31,"column":42},"end":{"line":31,"column":65}}}},"statementMap":{"1":{"start":{"line":2,"column":0},"end":{"line":28,"column":2}},"2":{"start":{"line":31,"column":0},"end":{"line":66,"column":2}},"3":{"start":{"line":32,"column":1},"end":{"line":32,"column":36}},"4":{"start":{"line":34,"column":1},"end":{"line":34,"column":25}},"5":{"start":{"line":35,"column":1},"end":{"line":35,"column":80}},"6":{"start":{"line":36,"column":1},"end":{"line":36,"column":86}},"7":{"start":{"line":37,"column":1},"end":{"line":37,"column":30}},"8":{"start":{"line":38,"column":1},"end":{"line":38,"column":33}},"9":{"start":{"line":39,"column":1},"end":{"line":39,"column":31}},"10":{"start":{"line":40,"column":1},"end":{"line":40,"column":34}},"11":{"start":{"line":41,"column":1},"end":{"line":41,"column":32}},"12":{"start":{"line":42,"column":1},"end":{"line":42,"column":32}},"13":{"start":{"line":43,"column":1},"end":{"line":43,"column":138}},"14":{"start":{"line":44,"column":1},"end":{"line":44,"column":107}},"15":{"start":{"line":45,"column":1},"end":{"line":45,"column":51}},"16":{"start":{"line":46,"column":1},"end":{"line":46,"column":168}},"17":{"start":{"line":47,"column":1},"end":{"line":47,"column":104}},"18":{"start":{"line":48,"column":1},"end":{"line":48,"column":131}},"19":{"start":{"line":49,"column":1},"end":{"line":49,"column":240}},"20":{"start":{"line":50,"column":1},"end":{"line":50,"column":167}},"21":{"start":{"line":51,"column":1},"end":{"line":51,"column":194}},"22":{"start":{"line":52,"column":1},"end":{"line":52,"column":185}},"23":{"start":{"line":53,"column":1},"end":{"line":53,"column":45}},"24":{"start":{"line":54,"column":1},"end":{"line":54,"column":51}},"25":{"start":{"line":55,"column":1},"end":{"line":55,"column":168}},"26":{"start":{"line":56,"column":1},"end":{"line":56,"column":104}},"27":{"start":{"line":57,"column":1},"end":{"line":57,"column":47}},"28":{"start":{"line":58,"column":1},"end":{"line":58,"column":160}},"29":{"start":{"line":59,"column":1},"end":{"line":59,"column":148}},"30":{"start":{"line":60,"column":1},"end":{"line":60,"column":69}},"31":{"start":{"line":61,"column":1},"end":{"line":61,"column":204}},"32":{"start":{"line":62,"column":1},"end":{"line":62,"column":192}},"33":{"start":{"line":63,"column":1},"end":{"line":63,"column":196}},"34":{"start":{"line":64,"column":1},"end":{"line":64,"column":192}},"35":{"start":{"line":65,"column":1},"end":{"line":65,"column":17}}},"branchMap":{"1":{"line":32,"type":"binary-expr","locations":[{"start":{"line":32,"column":16},"end":{"line":32,"column":29}},{"start":{"line":32,"column":33},"end":{"line":32,"column":35}}]},"2":{"line":35,"type":"binary-expr","locations":[{"start":{"line":35,"column":21},"end":{"line":35,"column":38}},{"start":{"line":35,"column":42},"end":{"line":35,"column":79}}]},"3":{"line":36,"type":"binary-expr","locations":[{"start":{"line":36,"column":23},"end":{"line":36,"column":42}},{"start":{"line":36,"column":46},"end":{"line":36,"column":85}}]},"4":{"line":43,"type":"cond-expr","locations":[{"start":{"line":43,"column":70},"end":{"line":43,"column":89}},{"start":{"line":43,"column":92},"end":{"line":43,"column":137}}]},"5":{"line":44,"type":"binary-expr","locations":[{"start":{"line":44,"column":28},"end":{"line":44,"column":52}},{"start":{"line":44,"column":56},"end":{"line":44,"column":106}}]},"6":{"line":45,"type":"binary-expr","locations":[{"start":{"line":45,"column":24},"end":{"line":45,"column":44}},{"start":{"line":45,"column":48},"end":{"line":45,"column":50}}]},"7":{"line":46,"type":"cond-expr","locations":[{"start":{"line":46,"column":88},"end":{"line":46,"column":116}},{"start":{"line":46,"column":119},"end":{"line":46,"column":167}}]},"8":{"line":47,"type":"binary-expr","locations":[{"start":{"line":47,"column":29},"end":{"line":47,"column":54}},{"start":{"line":47,"column":58},"end":{"line":47,"column":103}}]},"9":{"line":48,"type":"binary-expr","locations":[{"start":{"line":48,"column":38},"end":{"line":48,"column":72}},{"start":{"line":48,"column":76},"end":{"line":48,"column":130}}]},"10":{"line":49,"type":"cond-expr","locations":[{"start":{"line":49,"column":124},"end":{"line":49,"column":170}},{"start":{"line":49,"column":173},"end":{"line":49,"column":239}}]},"11":{"line":50,"type":"binary-expr","locations":[{"start":{"line":50,"column":50},"end":{"line":50,"column":96}},{"start":{"line":50,"column":100},"end":{"line":50,"column":166}}]},"12":{"line":51,"type":"binary-expr","locations":[{"start":{"line":51,"column":59},"end":{"line":51,"column":114}},{"start":{"line":51,"column":118},"end":{"line":51,"column":193}}]},"13":{"line":52,"type":"binary-expr","locations":[{"start":{"line":52,"column":56},"end":{"line":52,"column":108}},{"start":{"line":52,"column":112},"end":{"line":52,"column":184}}]},"14":{"line":53,"type":"binary-expr","locations":[{"start":{"line":53,"column":21},"end":{"line":53,"column":38}},{"start":{"line":53,"column":42},"end":{"line":53,"column":44}}]},"15":{"line":54,"type":"binary-expr","locations":[{"start":{"line":54,"column":24},"end":{"line":54,"column":44}},{"start":{"line":54,"column":48},"end":{"line":54,"column":50}}]},"16":{"line":55,"type":"cond-expr","locations":[{"start":{"line":55,"column":88},"end":{"line":55,"column":116}},{"start":{"line":55,"column":119},"end":{"line":55,"column":167}}]},"17":{"line":56,"type":"binary-expr","locations":[{"start":{"line":56,"column":29},"end":{"line":56,"column":54}},{"start":{"line":56,"column":58},"end":{"line":56,"column":103}}]},"18":{"line":57,"type":"binary-expr","locations":[{"start":{"line":57,"column":22},"end":{"line":57,"column":40}},{"start":{"line":57,"column":44},"end":{"line":57,"column":46}}]},"19":{"line":58,"type":"cond-expr","locations":[{"start":{"line":58,"column":84},"end":{"line":58,"column":110}},{"start":{"line":58,"column":113},"end":{"line":58,"column":159}}]},"20":{"line":59,"type":"cond-expr","locations":[{"start":{"line":59,"column":78},"end":{"line":59,"column":101}},{"start":{"line":59,"column":104},"end":{"line":59,"column":147}}]},"21":{"line":60,"type":"binary-expr","locations":[{"start":{"line":60,"column":33},"end":{"line":60,"column":62}},{"start":{"line":60,"column":66},"end":{"line":60,"column":68}}]},"22":{"line":61,"type":"cond-expr","locations":[{"start":{"line":61,"column":106},"end":{"line":61,"column":143}},{"start":{"line":61,"column":146},"end":{"line":61,"column":203}}]},"23":{"line":62,"type":"cond-expr","locations":[{"start":{"line":62,"column":100},"end":{"line":62,"column":134}},{"start":{"line":62,"column":137},"end":{"line":62,"column":191}}]},"24":{"line":63,"type":"cond-expr","locations":[{"start":{"line":63,"column":102},"end":{"line":63,"column":137}},{"start":{"line":63,"column":140},"end":{"line":63,"column":195}}]},"25":{"line":64,"type":"cond-expr","locations":[{"start":{"line":64,"column":100},"end":{"line":64,"column":134}},{"start":{"line":64,"column":137},"end":{"line":64,"column":191}}]}}},"src\\js\\_event-factory.js":{"path":"src\\js\\_event-factory.js","s":{"1":1,"2":7,"3":7,"4":7,"5":0,"6":0,"7":7,"8":0,"9":0,"10":0,"11":0,"12":0,"13":0,"14":0,"15":7},"b":{"1":[0,0],"2":[0,0]},"f":{"1":7,"2":0,"3":0},"fnMap":{"1":{"name":"(anonymous_1)","line":2,"loc":{"start":{"line":2,"column":35},"end":{"line":2,"column":45}}},"2":{"name":"(anonymous_2)","line":10,"loc":{"start":{"line":10,"column":13},"end":{"line":10,"column":38}}},"3":{"name":"(anonymous_3)","line":18,"loc":{"start":{"line":18,"column":18},"end":{"line":18,"column":41}}}},"statementMap":{"1":{"start":{"line":2,"column":0},"end":{"line":44,"column":2}},"2":{"start":{"line":4,"column":1},"end":{"line":4,"column":17}},"3":{"start":{"line":7,"column":1},"end":{"line":7,"column":24}},"4":{"start":{"line":10,"column":1},"end":{"line":15,"column":6}},"5":{"start":{"line":12,"column":8},"end":{"line":12,"column":66}},"6":{"start":{"line":14,"column":8},"end":{"line":14,"column":46}},"7":{"start":{"line":18,"column":1},"end":{"line":40,"column":6}},"8":{"start":{"line":20,"column":8},"end":{"line":39,"column":9}},"9":{"start":{"line":22,"column":12},"end":{"line":38,"column":13}},"10":{"start":{"line":24,"column":16},"end":{"line":24,"column":34}},"11":{"start":{"line":27,"column":16},"end":{"line":29,"column":17}},"12":{"start":{"line":28,"column":20},"end":{"line":28,"column":44}},"13":{"start":{"line":32,"column":4},"end":{"line":37,"column":5}},"14":{"start":{"line":33,"column":5},"end":{"line":33,"column":64}},"15":{"start":{"line":43,"column":4},"end":{"line":43,"column":18}}},"branchMap":{"1":{"line":12,"type":"binary-expr","locations":[{"start":{"line":12,"column":35},"end":{"line":12,"column":59}},{"start":{"line":12,"column":63},"end":{"line":12,"column":65}}]},"2":{"line":20,"type":"if","locations":[{"start":{"line":20,"column":8},"end":{"line":20,"column":8}},{"start":{"line":20,"column":8},"end":{"line":20,"column":8}}]}}},"src\\js\\_translations.js":{"path":"src\\js\\_translations.js","s":{"1":1},"b":{},"f":{},"fnMap":{},"statementMap":{"1":{"start":{"line":2,"column":0},"end":{"line":17,"column":2}}},"branchMap":{}},"src\\js\\_ua.js":{"path":"src\\js\\_ua.js","s":{"1":1,"2":2,"3":2,"4":1,"5":1,"6":1,"7":1,"8":2,"9":0,"10":0,"11":0},"b":{"1":[1,1],"2":[0,0]},"f":{"1":2,"2":0},"fnMap":{"1":{"name":"(anonymous_1)","line":4,"loc":{"start":{"line":4,"column":14},"end":{"line":4,"column":28}}},"2":{"name":"(anonymous_2)","line":19,"loc":{"start":{"line":19,"column":14},"end":{"line":19,"column":24}}}},"statementMap":{"1":{"start":{"line":2,"column":0},"end":{"line":26,"column":2}},"2":{"start":{"line":6,"column":12},"end":{"line":6,"column":62}},"3":{"start":{"line":9,"column":12},"end":{"line":14,"column":13}},"4":{"start":{"line":10,"column":16},"end":{"line":10,"column":82}},"5":{"start":{"line":11,"column":16},"end":{"line":11,"column":55}},"6":{"start":{"line":12,"column":16},"end":{"line":12,"column":50}},"7":{"start":{"line":13,"column":16},"end":{"line":13,"column":97}},"8":{"start":{"line":17,"column":12},"end":{"line":17,"column":36}},"9":{"start":{"line":20,"column":12},"end":{"line":20,"column":62}},"10":{"start":{"line":21,"column":12},"end":{"line":23,"column":13}},"11":{"start":{"line":22,"column":16},"end":{"line":22,"column":54}}},"branchMap":{"1":{"line":9,"type":"if","locations":[{"start":{"line":9,"column":12},"end":{"line":9,"column":12}},{"start":{"line":9,"column":12},"end":{"line":9,"column":12}}]},"2":{"line":21,"type":"if","locations":[{"start":{"line":21,"column":12},"end":{"line":21,"column":12}},{"start":{"line":21,"column":12},"end":{"line":21,"column":12}}]}}},"src\\js\\_urls.js":{"path":"src\\js\\_urls.js","s":{"1":1,"2":0,"3":1,"4":1,"5":0,"6":1,"7":7,"8":2,"9":2,"10":2,"11":2},"b":{"1":[1,1],"2":[0,1],"3":[2,5],"4":[2,0]},"f":{"1":0,"2":1,"3":7,"4":2},"fnMap":{"1":{"name":"(anonymous_1)","line":7,"loc":{"start":{"line":7,"column":17},"end":{"line":7,"column":27}}},"2":{"name":"(anonymous_2)","line":10,"loc":{"start":{"line":10,"column":18},"end":{"line":10,"column":36}}},"3":{"name":"(anonymous_3)","line":26,"loc":{"start":{"line":26,"column":12},"end":{"line":26,"column":30}}},"4":{"name":"(anonymous_4)","line":31,"loc":{"start":{"line":31,"column":16},"end":{"line":31,"column":31}}}},"statementMap":{"1":{"start":{"line":2,"column":0},"end":{"line":37,"column":2}},"2":{"start":{"line":8,"column":8},"end":{"line":8,"column":49}},"3":{"start":{"line":11,"column":8},"end":{"line":16,"column":10}},"4":{"start":{"line":18,"column":8},"end":{"line":20,"column":9}},"5":{"start":{"line":19,"column":10},"end":{"line":19,"column":53}},"6":{"start":{"line":21,"column":8},"end":{"line":21,"column":36}},"7":{"start":{"line":27,"column":4},"end":{"line":29,"column":5}},"8":{"start":{"line":28,"column":6},"end":{"line":28,"column":70}},"9":{"start":{"line":32,"column":6},"end":{"line":32,"column":64}},"10":{"start":{"line":33,"column":6},"end":{"line":34,"column":48}},"11":{"start":{"line":35,"column":6},"end":{"line":35,"column":88}}},"branchMap":{"1":{"line":15,"type":"binary-expr","locations":[{"start":{"line":15,"column":28},"end":{"line":15,"column":44}},{"start":{"line":15,"column":48},"end":{"line":15,"column":73}}]},"2":{"line":18,"type":"if","locations":[{"start":{"line":18,"column":8},"end":{"line":18,"column":8}},{"start":{"line":18,"column":8},"end":{"line":18,"column":8}}]},"3":{"line":27,"type":"if","locations":[{"start":{"line":27,"column":4},"end":{"line":27,"column":4}},{"start":{"line":27,"column":4},"end":{"line":27,"column":4}}]},"4":{"line":35,"type":"cond-expr","locations":[{"start":{"line":35,"column":32},"end":{"line":35,"column":34}},{"start":{"line":35,"column":37},"end":{"line":35,"column":87}}]}}},"src\\js\\main-address.js":{"path":"src\\js\\main-address.js","s":{"1":1,"2":7,"3":7,"4":7,"5":7,"6":7,"7":2,"8":2,"9":2,"10":5,"11":5,"12":5,"13":1,"14":1,"15":1,"16":1,"17":1,"18":0,"19":1,"20":1,"21":1,"22":0,"23":1,"24":0,"25":5,"26":0,"27":7,"28":0,"29":0,"30":0,"31":0,"32":0,"33":7,"34":1,"35":1,"36":1,"37":0,"38":0,"39":1,"40":1,"41":1,"42":1,"43":1,"44":1,"45":1,"46":1,"47":0,"48":0,"49":0,"50":0,"51":0,"52":0,"53":0,"54":0,"55":0,"56":0,"57":1,"58":0,"59":7,"60":5,"61":5,"62":4,"63":7,"64":5,"65":7,"66":0,"67":0,"68":0,"69":0,"70":0,"71":7,"72":4,"73":7,"74":0,"75":0,"76":0,"77":0,"78":7,"79":0,"80":0,"81":0,"82":0,"83":0,"84":0,"85":0,"86":0,"87":0,"88":0,"89":0,"90":0,"91":0,"92":0,"93":0,"94":0,"95":0,"96":0,"97":0,"98":0,"99":0,"100":0,"101":0,"102":0,"103":0,"104":0,"105":0,"106":0,"107":0,"108":0,"109":0,"110":0,"111":0,"112":0,"113":0,"114":0,"115":0,"116":0,"117":0,"118":0,"119":0,"120":0,"121":0,"122":0,"123":0,"124":0,"125":0,"126":0,"127":0,"128":0,"129":0,"130":0,"131":0,"132":0,"133":0,"134":0,"135":0,"136":0,"137":0,"138":0,"139":0,"140":0,"141":0,"142":0,"143":0,"144":0,"145":0,"146":0,"147":0,"148":0,"149":0,"150":0,"151":0,"152":0,"153":0,"154":0,"155":0,"156":0,"157":0,"158":0,"159":0,"160":0,"161":0,"162":0,"163":0,"164":0,"165":0,"166":0,"167":0,"168":0,"169":0,"170":0,"171":0,"172":0,"173":0,"174":0,"175":0,"176":0,"177":0,"178":0,"179":0,"180":0,"181":0,"182":0,"183":0,"184":0,"185":0,"186":0,"187":0,"188":0,"189":0,"190":0,"191":0,"192":0,"193":0,"194":0,"195":0,"196":0,"197":0,"198":0,"199":0,"200":0,"201":0,"202":0,"203":0,"204":0,"205":0,"206":0,"207":0,"208":0,"209":0,"210":0,"211":0,"212":0,"213":0,"214":0,"215":0,"216":0,"217":0,"218":0,"219":0,"220":0,"221":0,"222":0,"223":0,"224":0,"225":7,"226":0,"227":0,"228":0,"229":0,"230":0,"231":0,"232":0,"233":0,"234":0,"235":0,"236":0,"237":0,"238":0,"239":0,"240":0,"241":0,"242":0,"243":0,"244":0,"245":0,"246":0,"247":0,"248":0,"249":0,"250":0,"251":0,"252":0,"253":0,"254":0,"255":0,"256":0,"257":0,"258":0,"259":0,"260":0,"261":0,"262":0,"263":0,"264":0,"265":0,"266":0,"267":0,"268":0,"269":0,"270":0,"271":0,"272":0,"273":0,"274":0,"275":0,"276":0,"277":0,"278":0,"279":0,"280":0,"281":0,"282":0,"283":0,"284":0,"285":0,"286":0,"287":0,"288":0,"289":0,"290":0,"291":0,"292":0,"293":0,"294":0,"295":0,"296":0,"297":0,"298":0,"299":0,"300":0,"301":0,"302":0,"303":0,"304":0,"305":0,"306":0,"307":0,"308":0,"309":0,"310":0,"311":7,"312":0,"313":0,"314":0,"315":0,"316":0,"317":0,"318":7,"319":0,"320":0,"321":0,"322":0,"323":0,"324":0,"325":0,"326":0,"327":0,"328":0,"329":0,"330":0,"331":0,"332":0,"333":7,"334":0,"335":0,"336":0,"337":0,"338":0,"339":0,"340":0,"341":0,"342":0,"343":7,"344":0,"345":0,"346":0,"347":0,"348":0,"349":0,"350":0,"351":0,"352":0,"353":0,"354":0,"355":0,"356":0,"357":0,"358":7,"359":0,"360":0,"361":0,"362":0,"363":0,"364":0,"365":0,"366":0,"367":0,"368":0,"369":0,"370":0,"371":0,"372":0,"373":0,"374":0,"375":0,"376":0,"377":0,"378":0,"379":0,"380":0,"381":0,"382":0,"383":0,"384":0,"385":0,"386":0,"387":0,"388":7,"389":7},"b":{"1":[2,5],"2":[1,4],"3":[1,0],"4":[0,1],"5":[0,0],"6":[1,0],"7":[1,1],"8":[0,1],"9":[1,1,1],"10":[1,0],"11":[1,1],"12":[1,0],"13":[0,1],"14":[0,0],"15":[0,1],"16":[4,1],"17":[5,3,1,1,0,0],"18":[0,0],"19":[0,0],"20":[0,0],"21":[0,0],"22":[0,0],"23":[0,0],"24":[0,0],"25":[0,0],"26":[0,0],"27":[0,0],"28":[0,0],"29":[0,0],"30":[0,0],"31":[0,0],"32":[0,0],"33":[0,0],"34":[0,0],"35":[0,0],"36":[0,0],"37":[0,0],"38":[0,0],"39":[0,0],"40":[0,0],"41":[0,0],"42":[0,0],"43":[0,0],"44":[0,0],"45":[0,0],"46":[0,0],"47":[0,0],"48":[0,0],"49":[0,0],"50":[0,0],"51":[0,0],"52":[0,0],"53":[0,0],"54":[0,0],"55":[0,0],"56":[0,0],"57":[0,0],"58":[0,0],"59":[0,0],"60":[0,0],"61":[0,0],"62":[0,0],"63":[0,0],"64":[0,0],"65":[0,0],"66":[0,0],"67":[0,0],"68":[0,0],"69":[0,0],"70":[0,0],"71":[0,0],"72":[0,0],"73":[0,0],"74":[0,0,0],"75":[0,0],"76":[0,0],"77":[0,0],"78":[0,0],"79":[0,0],"80":[0,0],"81":[0,0],"82":[0,0],"83":[0,0],"84":[0,0],"85":[0,0],"86":[0,0],"87":[0,0],"88":[0,0],"89":[0,0],"90":[0,0],"91":[0,0],"92":[0,0]},"f":{"1":7,"2":7,"3":0,"4":0,"5":0,"6":0,"7":1,"8":5,"9":5,"10":0,"11":4,"12":0,"13":0,"14":0,"15":0,"16":0,"17":0,"18":0,"19":0,"20":0,"21":0,"22":0,"23":0,"24":0,"25":0,"26":0,"27":0,"28":0,"29":0,"30":0,"31":0,"32":0,"33":0,"34":0,"35":0,"36":0,"37":0,"38":0,"39":0,"40":0,"41":0,"42":0,"43":0,"44":0,"45":0,"46":0,"47":0,"48":0,"49":0,"50":0,"51":0,"52":0,"53":0,"54":0},"fnMap":{"1":{"name":"(anonymous_1)","line":2,"loc":{"start":{"line":2,"column":30},"end":{"line":2,"column":55}}},"2":{"name":"(anonymous_2)","line":10,"loc":{"start":{"line":10,"column":18},"end":{"line":10,"column":30}}},"3":{"name":"(anonymous_3)","line":31,"loc":{"start":{"line":31,"column":47},"end":{"line":31,"column":64}}},"4":{"name":"(anonymous_4)","line":39,"loc":{"start":{"line":39,"column":59},"end":{"line":39,"column":76}}},"5":{"name":"(anonymous_5)","line":47,"loc":{"start":{"line":47,"column":37},"end":{"line":47,"column":49}}},"6":{"name":"(anonymous_6)","line":52,"loc":{"start":{"line":52,"column":20},"end":{"line":52,"column":32}}},"7":{"name":"(anonymous_7)","line":62,"loc":{"start":{"line":62,"column":20},"end":{"line":62,"column":37}}},"8":{"name":"(anonymous_8)","line":122,"loc":{"start":{"line":122,"column":28},"end":{"line":122,"column":40}}},"9":{"name":"(anonymous_9)","line":132,"loc":{"start":{"line":132,"column":23},"end":{"line":132,"column":35}}},"10":{"name":"(anonymous_10)","line":149,"loc":{"start":{"line":149,"column":22},"end":{"line":149,"column":39}}},"11":{"name":"(anonymous_11)","line":158,"loc":{"start":{"line":158,"column":35},"end":{"line":158,"column":47}}},"12":{"name":"(anonymous_12)","line":165,"loc":{"start":{"line":165,"column":20},"end":{"line":165,"column":35}}},"13":{"name":"(anonymous_13)","line":185,"loc":{"start":{"line":185,"column":10},"end":{"line":185,"column":27}}},"14":{"name":"(anonymous_14)","line":224,"loc":{"start":{"line":224,"column":40},"end":{"line":224,"column":56}}},"15":{"name":"(anonymous_15)","line":244,"loc":{"start":{"line":244,"column":10},"end":{"line":244,"column":22}}},"16":{"name":"(anonymous_16)","line":258,"loc":{"start":{"line":258,"column":14},"end":{"line":258,"column":26}}},"17":{"name":"(anonymous_17)","line":280,"loc":{"start":{"line":280,"column":15},"end":{"line":280,"column":27}}},"18":{"name":"(anonymous_18)","line":289,"loc":{"start":{"line":289,"column":14},"end":{"line":289,"column":26}}},"19":{"name":"(anonymous_19)","line":302,"loc":{"start":{"line":302,"column":15},"end":{"line":302,"column":27}}},"20":{"name":"(anonymous_20)","line":309,"loc":{"start":{"line":309,"column":13},"end":{"line":309,"column":25}}},"21":{"name":"(anonymous_21)","line":346,"loc":{"start":{"line":346,"column":31},"end":{"line":346,"column":51}}},"22":{"name":"(anonymous_22)","line":354,"loc":{"start":{"line":354,"column":16},"end":{"line":354,"column":28}}},"23":{"name":"(anonymous_23)","line":357,"loc":{"start":{"line":357,"column":42},"end":{"line":357,"column":59}}},"24":{"name":"(anonymous_24)","line":373,"loc":{"start":{"line":373,"column":20},"end":{"line":373,"column":36}}},"25":{"name":"(anonymous_25)","line":382,"loc":{"start":{"line":382,"column":19},"end":{"line":382,"column":31}}},"26":{"name":"(anonymous_26)","line":386,"loc":{"start":{"line":386,"column":11},"end":{"line":386,"column":24}}},"27":{"name":"(anonymous_27)","line":454,"loc":{"start":{"line":454,"column":25},"end":{"line":454,"column":41}}},"28":{"name":"(anonymous_28)","line":469,"loc":{"start":{"line":469,"column":12},"end":{"line":469,"column":27}}},"29":{"name":"(anonymous_29)","line":472,"loc":{"start":{"line":472,"column":16},"end":{"line":472,"column":28}}},"30":{"name":"(anonymous_30)","line":486,"loc":{"start":{"line":486,"column":10},"end":{"line":486,"column":26}}},"31":{"name":"(anonymous_31)","line":497,"loc":{"start":{"line":497,"column":10},"end":{"line":497,"column":26}}},"32":{"name":"(anonymous_32)","line":549,"loc":{"start":{"line":549,"column":10},"end":{"line":549,"column":22}}},"33":{"name":"(anonymous_33)","line":577,"loc":{"start":{"line":577,"column":37},"end":{"line":577,"column":49}}},"34":{"name":"(anonymous_34)","line":586,"loc":{"start":{"line":586,"column":19},"end":{"line":586,"column":31}}},"35":{"name":"(anonymous_35)","line":595,"loc":{"start":{"line":595,"column":19},"end":{"line":595,"column":35}}},"36":{"name":"(anonymous_36)","line":602,"loc":{"start":{"line":602,"column":23},"end":{"line":602,"column":68}}},"37":{"name":"(anonymous_37)","line":623,"loc":{"start":{"line":623,"column":17},"end":{"line":623,"column":32}}},"38":{"name":"(anonymous_38)","line":647,"loc":{"start":{"line":647,"column":27},"end":{"line":647,"column":39}}},"39":{"name":"(anonymous_39)","line":668,"loc":{"start":{"line":668,"column":21},"end":{"line":668,"column":43}}},"40":{"name":"(anonymous_40)","line":676,"loc":{"start":{"line":676,"column":22},"end":{"line":676,"column":34}}},"41":{"name":"(anonymous_41)","line":682,"loc":{"start":{"line":682,"column":30},"end":{"line":682,"column":47}}},"42":{"name":"(anonymous_42)","line":695,"loc":{"start":{"line":695,"column":10},"end":{"line":695,"column":22}}},"43":{"name":"(anonymous_43)","line":714,"loc":{"start":{"line":714,"column":10},"end":{"line":714,"column":22}}},"44":{"name":"(anonymous_44)","line":727,"loc":{"start":{"line":727,"column":19},"end":{"line":727,"column":36}}},"45":{"name":"(anonymous_45)","line":751,"loc":{"start":{"line":751,"column":16},"end":{"line":751,"column":31}}},"46":{"name":"(anonymous_46)","line":762,"loc":{"start":{"line":762,"column":18},"end":{"line":762,"column":33}}},"47":{"name":"(anonymous_47)","line":773,"loc":{"start":{"line":773,"column":15},"end":{"line":773,"column":30}}},"48":{"name":"(anonymous_48)","line":784,"loc":{"start":{"line":784,"column":14},"end":{"line":784,"column":29}}},"49":{"name":"(anonymous_49)","line":795,"loc":{"start":{"line":795,"column":22},"end":{"line":795,"column":34}}},"50":{"name":"(anonymous_50)","line":799,"loc":{"start":{"line":799,"column":39},"end":{"line":799,"column":51}}},"51":{"name":"(anonymous_51)","line":811,"loc":{"start":{"line":811,"column":10},"end":{"line":811,"column":49}}},"52":{"name":"(anonymous_52)","line":819,"loc":{"start":{"line":819,"column":47},"end":{"line":819,"column":62}}},"53":{"name":"(anonymous_53)","line":853,"loc":{"start":{"line":853,"column":48},"end":{"line":853,"column":63}}},"54":{"name":"(anonymous_54)","line":862,"loc":{"start":{"line":862,"column":50},"end":{"line":862,"column":65}}}},"statementMap":{"1":{"start":{"line":2,"column":0},"end":{"line":880,"column":2}},"2":{"start":{"line":4,"column":2},"end":{"line":4,"column":72}},"3":{"start":{"line":7,"column":2},"end":{"line":7,"column":59}},"4":{"start":{"line":10,"column":2},"end":{"line":50,"column":4}},"5":{"start":{"line":12,"column":4},"end":{"line":12,"column":48}},"6":{"start":{"line":13,"column":4},"end":{"line":19,"column":5}},"7":{"start":{"line":15,"column":6},"end":{"line":15,"column":31}},"8":{"start":{"line":17,"column":6},"end":{"line":17,"column":180}},"9":{"start":{"line":18,"column":6},"end":{"line":18,"column":13}},"10":{"start":{"line":21,"column":4},"end":{"line":21,"column":44}},"11":{"start":{"line":22,"column":4},"end":{"line":22,"column":30}},"12":{"start":{"line":24,"column":4},"end":{"line":46,"column":5}},"13":{"start":{"line":25,"column":6},"end":{"line":25,"column":47}},"14":{"start":{"line":26,"column":6},"end":{"line":26,"column":79}},"15":{"start":{"line":29,"column":6},"end":{"line":29,"column":64}},"16":{"start":{"line":30,"column":6},"end":{"line":30,"column":68}},"17":{"start":{"line":31,"column":6},"end":{"line":33,"column":9}},"18":{"start":{"line":32,"column":8},"end":{"line":32,"column":32}},"19":{"start":{"line":35,"column":6},"end":{"line":35,"column":75}},"20":{"start":{"line":37,"column":6},"end":{"line":37,"column":68}},"21":{"start":{"line":39,"column":6},"end":{"line":41,"column":9}},"22":{"start":{"line":40,"column":8},"end":{"line":40,"column":31}},"23":{"start":{"line":43,"column":6},"end":{"line":45,"column":7}},"24":{"start":{"line":44,"column":8},"end":{"line":44,"column":31}},"25":{"start":{"line":47,"column":4},"end":{"line":49,"column":7}},"26":{"start":{"line":48,"column":6},"end":{"line":48,"column":31}},"27":{"start":{"line":52,"column":2},"end":{"line":60,"column":4}},"28":{"start":{"line":53,"column":4},"end":{"line":59,"column":5}},"29":{"start":{"line":54,"column":6},"end":{"line":54,"column":47}},"30":{"start":{"line":56,"column":6},"end":{"line":56,"column":67}},"31":{"start":{"line":57,"column":6},"end":{"line":57,"column":71}},"32":{"start":{"line":58,"column":6},"end":{"line":58,"column":64}},"33":{"start":{"line":62,"column":2},"end":{"line":120,"column":4}},"34":{"start":{"line":64,"column":4},"end":{"line":64,"column":34}},"35":{"start":{"line":65,"column":4},"end":{"line":65,"column":29}},"36":{"start":{"line":66,"column":4},"end":{"line":69,"column":5}},"37":{"start":{"line":67,"column":6},"end":{"line":67,"column":33}},"38":{"start":{"line":68,"column":6},"end":{"line":68,"column":13}},"39":{"start":{"line":71,"column":4},"end":{"line":71,"column":54}},"40":{"start":{"line":74,"column":4},"end":{"line":74,"column":115}},"41":{"start":{"line":75,"column":4},"end":{"line":75,"column":55}},"42":{"start":{"line":77,"column":4},"end":{"line":77,"column":56}},"43":{"start":{"line":78,"column":4},"end":{"line":78,"column":58}},"44":{"start":{"line":84,"column":4},"end":{"line":86,"column":5}},"45":{"start":{"line":85,"column":6},"end":{"line":85,"column":46}},"46":{"start":{"line":89,"column":4},"end":{"line":119,"column":5}},"47":{"start":{"line":91,"column":6},"end":{"line":93,"column":7}},"48":{"start":{"line":92,"column":8},"end":{"line":92,"column":48}},"49":{"start":{"line":96,"column":6},"end":{"line":96,"column":72}},"50":{"start":{"line":99,"column":6},"end":{"line":99,"column":71}},"51":{"start":{"line":100,"column":6},"end":{"line":100,"column":81}},"52":{"start":{"line":103,"column":6},"end":{"line":103,"column":59}},"53":{"start":{"line":106,"column":6},"end":{"line":106,"column":29}},"54":{"start":{"line":109,"column":6},"end":{"line":109,"column":36}},"55":{"start":{"line":112,"column":6},"end":{"line":112,"column":36}},"56":{"start":{"line":115,"column":6},"end":{"line":115,"column":71}},"57":{"start":{"line":116,"column":11},"end":{"line":119,"column":5}},"58":{"start":{"line":118,"column":6},"end":{"line":118,"column":31}},"59":{"start":{"line":122,"column":2},"end":{"line":129,"column":4}},"60":{"start":{"line":123,"column":4},"end":{"line":123,"column":57}},"61":{"start":{"line":126,"column":4},"end":{"line":128,"column":5}},"62":{"start":{"line":127,"column":6},"end":{"line":127,"column":39}},"63":{"start":{"line":132,"column":2},"end":{"line":146,"column":4}},"64":{"start":{"line":134,"column":4},"end":{"line":145,"column":6}},"65":{"start":{"line":149,"column":2},"end":{"line":156,"column":4}},"66":{"start":{"line":150,"column":4},"end":{"line":150,"column":34}},"67":{"start":{"line":151,"column":4},"end":{"line":151,"column":29}},"68":{"start":{"line":152,"column":4},"end":{"line":155,"column":5}},"69":{"start":{"line":153,"column":6},"end":{"line":153,"column":33}},"70":{"start":{"line":154,"column":6},"end":{"line":154,"column":13}},"71":{"start":{"line":158,"column":2},"end":{"line":162,"column":4}},"72":{"start":{"line":161,"column":4},"end":{"line":161,"column":30}},"73":{"start":{"line":165,"column":2},"end":{"line":177,"column":4}},"74":{"start":{"line":167,"column":4},"end":{"line":167,"column":58}},"75":{"start":{"line":170,"column":4},"end":{"line":170,"column":34}},"76":{"start":{"line":173,"column":4},"end":{"line":173,"column":36}},"77":{"start":{"line":176,"column":4},"end":{"line":176,"column":82}},"78":{"start":{"line":179,"column":2},"end":{"line":493,"column":4}},"79":{"start":{"line":187,"column":6},"end":{"line":187,"column":57}},"80":{"start":{"line":190,"column":6},"end":{"line":190,"column":43}},"81":{"start":{"line":193,"column":6},"end":{"line":193,"column":62}},"82":{"start":{"line":196,"column":6},"end":{"line":196,"column":88}},"83":{"start":{"line":199,"column":6},"end":{"line":199,"column":44}},"84":{"start":{"line":202,"column":6},"end":{"line":202,"column":40}},"85":{"start":{"line":205,"column":6},"end":{"line":205,"column":36}},"86":{"start":{"line":208,"column":6},"end":{"line":211,"column":7}},"87":{"start":{"line":209,"column":8},"end":{"line":209,"column":146}},"88":{"start":{"line":210,"column":8},"end":{"line":210,"column":71}},"89":{"start":{"line":213,"column":6},"end":{"line":241,"column":7}},"90":{"start":{"line":215,"column":8},"end":{"line":215,"column":80}},"91":{"start":{"line":217,"column":8},"end":{"line":221,"column":9}},"92":{"start":{"line":218,"column":10},"end":{"line":218,"column":124}},"93":{"start":{"line":220,"column":10},"end":{"line":220,"column":48}},"94":{"start":{"line":224,"column":8},"end":{"line":231,"column":11}},"95":{"start":{"line":226,"column":10},"end":{"line":226,"column":64}},"96":{"start":{"line":227,"column":10},"end":{"line":227,"column":55}},"97":{"start":{"line":230,"column":10},"end":{"line":230,"column":45}},"98":{"start":{"line":232,"column":8},"end":{"line":232,"column":71}},"99":{"start":{"line":234,"column":8},"end":{"line":234,"column":70}},"100":{"start":{"line":236,"column":8},"end":{"line":237,"column":76}},"101":{"start":{"line":237,"column":10},"end":{"line":237,"column":76}},"102":{"start":{"line":238,"column":8},"end":{"line":239,"column":48}},"103":{"start":{"line":239,"column":10},"end":{"line":239,"column":48}},"104":{"start":{"line":240,"column":8},"end":{"line":240,"column":64}},"105":{"start":{"line":246,"column":6},"end":{"line":246,"column":43}},"106":{"start":{"line":248,"column":6},"end":{"line":248,"column":52}},"107":{"start":{"line":249,"column":6},"end":{"line":249,"column":44}},"108":{"start":{"line":251,"column":6},"end":{"line":254,"column":7}},"109":{"start":{"line":252,"column":8},"end":{"line":252,"column":75}},"110":{"start":{"line":253,"column":8},"end":{"line":253,"column":43}},"111":{"start":{"line":259,"column":8},"end":{"line":259,"column":50}},"112":{"start":{"line":260,"column":8},"end":{"line":260,"column":79}},"113":{"start":{"line":261,"column":8},"end":{"line":261,"column":68}},"114":{"start":{"line":262,"column":8},"end":{"line":262,"column":32}},"115":{"start":{"line":263,"column":8},"end":{"line":263,"column":86}},"116":{"start":{"line":265,"column":8},"end":{"line":276,"column":9}},"117":{"start":{"line":266,"column":10},"end":{"line":266,"column":55}},"118":{"start":{"line":267,"column":10},"end":{"line":267,"column":59}},"119":{"start":{"line":268,"column":10},"end":{"line":268,"column":51}},"120":{"start":{"line":269,"column":10},"end":{"line":269,"column":52}},"121":{"start":{"line":270,"column":10},"end":{"line":270,"column":60}},"122":{"start":{"line":271,"column":10},"end":{"line":271,"column":80}},"123":{"start":{"line":272,"column":10},"end":{"line":272,"column":86}},"124":{"start":{"line":273,"column":10},"end":{"line":273,"column":68}},"125":{"start":{"line":274,"column":10},"end":{"line":274,"column":40}},"126":{"start":{"line":275,"column":10},"end":{"line":275,"column":54}},"127":{"start":{"line":277,"column":8},"end":{"line":277,"column":21}},"128":{"start":{"line":281,"column":8},"end":{"line":284,"column":9}},"129":{"start":{"line":282,"column":10},"end":{"line":282,"column":93}},"130":{"start":{"line":283,"column":10},"end":{"line":283,"column":58}},"131":{"start":{"line":290,"column":8},"end":{"line":293,"column":10}},"132":{"start":{"line":294,"column":8},"end":{"line":294,"column":62}},"133":{"start":{"line":295,"column":8},"end":{"line":295,"column":54}},"134":{"start":{"line":296,"column":8},"end":{"line":296,"column":101}},"135":{"start":{"line":297,"column":8},"end":{"line":297,"column":71}},"136":{"start":{"line":298,"column":8},"end":{"line":298,"column":86}},"137":{"start":{"line":299,"column":8},"end":{"line":299,"column":24}},"138":{"start":{"line":303,"column":8},"end":{"line":306,"column":9}},"139":{"start":{"line":304,"column":10},"end":{"line":304,"column":101}},"140":{"start":{"line":305,"column":10},"end":{"line":305,"column":66}},"141":{"start":{"line":310,"column":8},"end":{"line":322,"column":10}},"142":{"start":{"line":324,"column":8},"end":{"line":339,"column":9}},"143":{"start":{"line":326,"column":10},"end":{"line":326,"column":60}},"144":{"start":{"line":327,"column":10},"end":{"line":329,"column":11}},"145":{"start":{"line":328,"column":12},"end":{"line":328,"column":63}},"146":{"start":{"line":330,"column":10},"end":{"line":332,"column":11}},"147":{"start":{"line":331,"column":12},"end":{"line":331,"column":63}},"148":{"start":{"line":333,"column":10},"end":{"line":335,"column":11}},"149":{"start":{"line":334,"column":12},"end":{"line":334,"column":63}},"150":{"start":{"line":336,"column":10},"end":{"line":338,"column":11}},"151":{"start":{"line":337,"column":12},"end":{"line":337,"column":64}},"152":{"start":{"line":341,"column":8},"end":{"line":341,"column":40}},"153":{"start":{"line":342,"column":8},"end":{"line":342,"column":92}},"154":{"start":{"line":343,"column":8},"end":{"line":343,"column":48}},"155":{"start":{"line":347,"column":8},"end":{"line":347,"column":68}},"156":{"start":{"line":348,"column":8},"end":{"line":348,"column":28}},"157":{"start":{"line":349,"column":8},"end":{"line":349,"column":41}},"158":{"start":{"line":350,"column":8},"end":{"line":350,"column":26}},"159":{"start":{"line":355,"column":6},"end":{"line":355,"column":52}},"160":{"start":{"line":356,"column":6},"end":{"line":356,"column":60}},"161":{"start":{"line":357,"column":6},"end":{"line":359,"column":9}},"162":{"start":{"line":358,"column":8},"end":{"line":358,"column":32}},"163":{"start":{"line":361,"column":6},"end":{"line":361,"column":84}},"164":{"start":{"line":362,"column":6},"end":{"line":362,"column":46}},"165":{"start":{"line":364,"column":6},"end":{"line":364,"column":47}},"166":{"start":{"line":365,"column":6},"end":{"line":365,"column":45}},"167":{"start":{"line":367,"column":6},"end":{"line":367,"column":34}},"168":{"start":{"line":369,"column":6},"end":{"line":369,"column":64}},"169":{"start":{"line":370,"column":6},"end":{"line":370,"column":18}},"170":{"start":{"line":374,"column":6},"end":{"line":374,"column":46}},"171":{"start":{"line":375,"column":6},"end":{"line":375,"column":66}},"172":{"start":{"line":377,"column":6},"end":{"line":377,"column":46}},"173":{"start":{"line":378,"column":6},"end":{"line":378,"column":17}},"174":{"start":{"line":383,"column":6},"end":{"line":383,"column":38}},"175":{"start":{"line":387,"column":6},"end":{"line":389,"column":7}},"176":{"start":{"line":388,"column":8},"end":{"line":388,"column":15}},"177":{"start":{"line":391,"column":6},"end":{"line":394,"column":7}},"178":{"start":{"line":392,"column":8},"end":{"line":392,"column":39}},"179":{"start":{"line":393,"column":8},"end":{"line":393,"column":15}},"180":{"start":{"line":397,"column":6},"end":{"line":399,"column":20}},"181":{"start":{"line":402,"column":6},"end":{"line":404,"column":7}},"182":{"start":{"line":403,"column":8},"end":{"line":403,"column":15}},"183":{"start":{"line":407,"column":6},"end":{"line":411,"column":7}},"184":{"start":{"line":408,"column":8},"end":{"line":408,"column":37}},"185":{"start":{"line":410,"column":8},"end":{"line":410,"column":37}},"186":{"start":{"line":414,"column":6},"end":{"line":417,"column":7}},"187":{"start":{"line":415,"column":8},"end":{"line":415,"column":58}},"188":{"start":{"line":416,"column":8},"end":{"line":416,"column":27}},"189":{"start":{"line":418,"column":6},"end":{"line":421,"column":7}},"190":{"start":{"line":419,"column":8},"end":{"line":419,"column":39}},"191":{"start":{"line":420,"column":8},"end":{"line":420,"column":28}},"192":{"start":{"line":424,"column":6},"end":{"line":424,"column":71}},"193":{"start":{"line":426,"column":6},"end":{"line":426,"column":84}},"194":{"start":{"line":427,"column":6},"end":{"line":429,"column":7}},"195":{"start":{"line":428,"column":8},"end":{"line":428,"column":59}},"196":{"start":{"line":430,"column":6},"end":{"line":430,"column":53}},"197":{"start":{"line":432,"column":6},"end":{"line":432,"column":59}},"198":{"start":{"line":435,"column":6},"end":{"line":442,"column":8}},"199":{"start":{"line":443,"column":6},"end":{"line":451,"column":7}},"200":{"start":{"line":444,"column":8},"end":{"line":444,"column":45}},"201":{"start":{"line":445,"column":13},"end":{"line":451,"column":7}},"202":{"start":{"line":446,"column":8},"end":{"line":446,"column":47}},"203":{"start":{"line":447,"column":13},"end":{"line":451,"column":7}},"204":{"start":{"line":448,"column":8},"end":{"line":448,"column":104}},"205":{"start":{"line":449,"column":13},"end":{"line":451,"column":7}},"206":{"start":{"line":450,"column":8},"end":{"line":450,"column":104}},"207":{"start":{"line":455,"column":6},"end":{"line":455,"column":23}},"208":{"start":{"line":456,"column":6},"end":{"line":458,"column":7}},"209":{"start":{"line":457,"column":8},"end":{"line":457,"column":43}},"210":{"start":{"line":459,"column":6},"end":{"line":460,"column":36}},"211":{"start":{"line":461,"column":6},"end":{"line":464,"column":7}},"212":{"start":{"line":462,"column":8},"end":{"line":462,"column":95}},"213":{"start":{"line":463,"column":8},"end":{"line":463,"column":103}},"214":{"start":{"line":466,"column":6},"end":{"line":466,"column":19}},"215":{"start":{"line":470,"column":6},"end":{"line":470,"column":76}},"216":{"start":{"line":473,"column":6},"end":{"line":473,"column":23}},"217":{"start":{"line":475,"column":6},"end":{"line":480,"column":7}},"218":{"start":{"line":476,"column":8},"end":{"line":476,"column":73}},"219":{"start":{"line":478,"column":11},"end":{"line":480,"column":7}},"220":{"start":{"line":479,"column":8},"end":{"line":479,"column":53}},"221":{"start":{"line":481,"column":6},"end":{"line":483,"column":7}},"222":{"start":{"line":482,"column":8},"end":{"line":482,"column":45}},"223":{"start":{"line":488,"column":6},"end":{"line":488,"column":63}},"224":{"start":{"line":491,"column":6},"end":{"line":491,"column":51}},"225":{"start":{"line":495,"column":2},"end":{"line":679,"column":4}},"226":{"start":{"line":499,"column":6},"end":{"line":499,"column":36}},"227":{"start":{"line":502,"column":6},"end":{"line":502,"column":31}},"228":{"start":{"line":505,"column":6},"end":{"line":505,"column":32}},"229":{"start":{"line":507,"column":6},"end":{"line":544,"column":7}},"230":{"start":{"line":509,"column":8},"end":{"line":509,"column":28}},"231":{"start":{"line":513,"column":8},"end":{"line":513,"column":96}},"232":{"start":{"line":514,"column":8},"end":{"line":516,"column":9}},"233":{"start":{"line":515,"column":10},"end":{"line":515,"column":60}},"234":{"start":{"line":518,"column":8},"end":{"line":518,"column":118}},"235":{"start":{"line":519,"column":8},"end":{"line":519,"column":118}},"236":{"start":{"line":520,"column":8},"end":{"line":520,"column":118}},"237":{"start":{"line":521,"column":8},"end":{"line":521,"column":106}},"238":{"start":{"line":522,"column":8},"end":{"line":522,"column":102}},"239":{"start":{"line":523,"column":8},"end":{"line":523,"column":112}},"240":{"start":{"line":524,"column":8},"end":{"line":524,"column":104}},"241":{"start":{"line":527,"column":8},"end":{"line":527,"column":43}},"242":{"start":{"line":530,"column":8},"end":{"line":530,"column":48}},"243":{"start":{"line":535,"column":8},"end":{"line":543,"column":9}},"244":{"start":{"line":536,"column":10},"end":{"line":542,"column":11}},"245":{"start":{"line":538,"column":12},"end":{"line":541,"column":13}},"246":{"start":{"line":539,"column":14},"end":{"line":539,"column":55}},"247":{"start":{"line":540,"column":14},"end":{"line":540,"column":20}},"248":{"start":{"line":547,"column":6},"end":{"line":547,"column":62}},"249":{"start":{"line":551,"column":6},"end":{"line":554,"column":7}},"250":{"start":{"line":552,"column":8},"end":{"line":552,"column":89}},"251":{"start":{"line":553,"column":8},"end":{"line":553,"column":62}},"252":{"start":{"line":556,"column":6},"end":{"line":559,"column":7}},"253":{"start":{"line":557,"column":8},"end":{"line":557,"column":84}},"254":{"start":{"line":558,"column":8},"end":{"line":558,"column":46}},"255":{"start":{"line":562,"column":6},"end":{"line":574,"column":7}},"256":{"start":{"line":563,"column":8},"end":{"line":573,"column":9}},"257":{"start":{"line":565,"column":10},"end":{"line":572,"column":11}},"258":{"start":{"line":566,"column":12},"end":{"line":566,"column":74}},"259":{"start":{"line":568,"column":12},"end":{"line":571,"column":13}},"260":{"start":{"line":569,"column":14},"end":{"line":569,"column":52}},"261":{"start":{"line":570,"column":14},"end":{"line":570,"column":20}},"262":{"start":{"line":578,"column":6},"end":{"line":578,"column":52}},"263":{"start":{"line":579,"column":6},"end":{"line":579,"column":51}},"264":{"start":{"line":582,"column":6},"end":{"line":582,"column":84}},"265":{"start":{"line":583,"column":6},"end":{"line":583,"column":60}},"266":{"start":{"line":588,"column":6},"end":{"line":592,"column":7}},"267":{"start":{"line":589,"column":8},"end":{"line":589,"column":93}},"268":{"start":{"line":590,"column":8},"end":{"line":590,"column":84}},"269":{"start":{"line":591,"column":8},"end":{"line":591,"column":71}},"270":{"start":{"line":597,"column":6},"end":{"line":600,"column":7}},"271":{"start":{"line":598,"column":8},"end":{"line":598,"column":126}},"272":{"start":{"line":599,"column":8},"end":{"line":599,"column":33}},"273":{"start":{"line":604,"column":6},"end":{"line":620,"column":7}},"274":{"start":{"line":605,"column":8},"end":{"line":605,"column":50}},"275":{"start":{"line":606,"column":8},"end":{"line":606,"column":41}},"276":{"start":{"line":607,"column":8},"end":{"line":607,"column":38}},"277":{"start":{"line":609,"column":8},"end":{"line":611,"column":9}},"278":{"start":{"line":610,"column":10},"end":{"line":610,"column":31}},"279":{"start":{"line":613,"column":8},"end":{"line":617,"column":9}},"280":{"start":{"line":614,"column":10},"end":{"line":614,"column":38}},"281":{"start":{"line":616,"column":10},"end":{"line":616,"column":42}},"282":{"start":{"line":619,"column":8},"end":{"line":619,"column":56}},"283":{"start":{"line":624,"column":6},"end":{"line":624,"column":22}},"284":{"start":{"line":625,"column":6},"end":{"line":625,"column":53}},"285":{"start":{"line":626,"column":6},"end":{"line":626,"column":62}},"286":{"start":{"line":627,"column":6},"end":{"line":627,"column":58}},"287":{"start":{"line":628,"column":6},"end":{"line":643,"column":7}},"288":{"start":{"line":629,"column":8},"end":{"line":642,"column":9}},"289":{"start":{"line":630,"column":10},"end":{"line":630,"column":69}},"290":{"start":{"line":631,"column":10},"end":{"line":639,"column":11}},"291":{"start":{"line":632,"column":12},"end":{"line":632,"column":36}},"292":{"start":{"line":633,"column":12},"end":{"line":633,"column":64}},"293":{"start":{"line":634,"column":12},"end":{"line":638,"column":13}},"294":{"start":{"line":635,"column":14},"end":{"line":637,"column":15}},"295":{"start":{"line":636,"column":16},"end":{"line":636,"column":54}},"296":{"start":{"line":644,"column":6},"end":{"line":644,"column":19}},"297":{"start":{"line":648,"column":6},"end":{"line":665,"column":7}},"298":{"start":{"line":649,"column":8},"end":{"line":649,"column":47}},"299":{"start":{"line":650,"column":8},"end":{"line":650,"column":39}},"300":{"start":{"line":651,"column":8},"end":{"line":651,"column":48}},"301":{"start":{"line":652,"column":8},"end":{"line":652,"column":51}},"302":{"start":{"line":654,"column":8},"end":{"line":654,"column":55}},"303":{"start":{"line":656,"column":8},"end":{"line":656,"column":41}},"304":{"start":{"line":659,"column":8},"end":{"line":664,"column":9}},"305":{"start":{"line":660,"column":10},"end":{"line":660,"column":70}},"306":{"start":{"line":663,"column":10},"end":{"line":663,"column":119}},"307":{"start":{"line":669,"column":6},"end":{"line":673,"column":7}},"308":{"start":{"line":670,"column":8},"end":{"line":672,"column":9}},"309":{"start":{"line":671,"column":10},"end":{"line":671,"column":79}},"310":{"start":{"line":677,"column":6},"end":{"line":677,"column":59}},"311":{"start":{"line":682,"column":2},"end":{"line":692,"column":4}},"312":{"start":{"line":683,"column":4},"end":{"line":683,"column":30}},"313":{"start":{"line":684,"column":4},"end":{"line":684,"column":53}},"314":{"start":{"line":685,"column":4},"end":{"line":691,"column":5}},"315":{"start":{"line":686,"column":6},"end":{"line":690,"column":7}},"316":{"start":{"line":687,"column":8},"end":{"line":687,"column":47}},"317":{"start":{"line":689,"column":8},"end":{"line":689,"column":44}},"318":{"start":{"line":694,"column":2},"end":{"line":724,"column":4}},"319":{"start":{"line":697,"column":6},"end":{"line":699,"column":7}},"320":{"start":{"line":698,"column":8},"end":{"line":698,"column":15}},"321":{"start":{"line":701,"column":6},"end":{"line":701,"column":59}},"322":{"start":{"line":702,"column":6},"end":{"line":702,"column":47}},"323":{"start":{"line":703,"column":6},"end":{"line":703,"column":54}},"324":{"start":{"line":706,"column":6},"end":{"line":706,"column":50}},"325":{"start":{"line":707,"column":6},"end":{"line":707,"column":39}},"326":{"start":{"line":708,"column":6},"end":{"line":708,"column":44}},"327":{"start":{"line":711,"column":6},"end":{"line":711,"column":91}},"328":{"start":{"line":716,"column":6},"end":{"line":718,"column":7}},"329":{"start":{"line":717,"column":8},"end":{"line":717,"column":15}},"330":{"start":{"line":719,"column":6},"end":{"line":719,"column":78}},"331":{"start":{"line":720,"column":6},"end":{"line":722,"column":7}},"332":{"start":{"line":721,"column":8},"end":{"line":721,"column":55}},"333":{"start":{"line":727,"column":2},"end":{"line":746,"column":4}},"334":{"start":{"line":728,"column":4},"end":{"line":730,"column":5}},"335":{"start":{"line":729,"column":6},"end":{"line":729,"column":29}},"336":{"start":{"line":732,"column":4},"end":{"line":732,"column":28}},"337":{"start":{"line":734,"column":4},"end":{"line":734,"column":27}},"338":{"start":{"line":736,"column":4},"end":{"line":736,"column":30}},"339":{"start":{"line":738,"column":4},"end":{"line":738,"column":44}},"340":{"start":{"line":740,"column":4},"end":{"line":740,"column":57}},"341":{"start":{"line":742,"column":4},"end":{"line":742,"column":27}},"342":{"start":{"line":745,"column":4},"end":{"line":745,"column":42}},"343":{"start":{"line":749,"column":2},"end":{"line":806,"column":4}},"344":{"start":{"line":752,"column":6},"end":{"line":752,"column":31}},"345":{"start":{"line":758,"column":6},"end":{"line":758,"column":56}},"346":{"start":{"line":763,"column":6},"end":{"line":763,"column":31}},"347":{"start":{"line":769,"column":6},"end":{"line":769,"column":56}},"348":{"start":{"line":774,"column":6},"end":{"line":774,"column":31}},"349":{"start":{"line":780,"column":6},"end":{"line":780,"column":56}},"350":{"start":{"line":785,"column":6},"end":{"line":785,"column":31}},"351":{"start":{"line":791,"column":6},"end":{"line":791,"column":56}},"352":{"start":{"line":796,"column":6},"end":{"line":796,"column":52}},"353":{"start":{"line":797,"column":6},"end":{"line":797,"column":34}},"354":{"start":{"line":798,"column":6},"end":{"line":798,"column":81}},"355":{"start":{"line":799,"column":6},"end":{"line":804,"column":9}},"356":{"start":{"line":801,"column":8},"end":{"line":801,"column":52}},"357":{"start":{"line":803,"column":8},"end":{"line":803,"column":54}},"358":{"start":{"line":809,"column":2},"end":{"line":873,"column":4}},"359":{"start":{"line":812,"column":6},"end":{"line":812,"column":61}},"360":{"start":{"line":813,"column":6},"end":{"line":813,"column":62}},"361":{"start":{"line":814,"column":6},"end":{"line":814,"column":53}},"362":{"start":{"line":815,"column":6},"end":{"line":815,"column":85}},"363":{"start":{"line":816,"column":6},"end":{"line":816,"column":91}},"364":{"start":{"line":817,"column":6},"end":{"line":817,"column":85}},"365":{"start":{"line":819,"column":6},"end":{"line":851,"column":8}},"366":{"start":{"line":820,"column":8},"end":{"line":850,"column":9}},"367":{"start":{"line":822,"column":10},"end":{"line":822,"column":78}},"368":{"start":{"line":823,"column":10},"end":{"line":823,"column":47}},"369":{"start":{"line":824,"column":10},"end":{"line":824,"column":25}},"370":{"start":{"line":826,"column":10},"end":{"line":826,"column":45}},"371":{"start":{"line":829,"column":10},"end":{"line":829,"column":40}},"372":{"start":{"line":832,"column":10},"end":{"line":832,"column":56}},"373":{"start":{"line":835,"column":10},"end":{"line":849,"column":11}},"374":{"start":{"line":836,"column":12},"end":{"line":836,"column":49}},"375":{"start":{"line":839,"column":15},"end":{"line":849,"column":11}},"376":{"start":{"line":840,"column":12},"end":{"line":840,"column":51}},"377":{"start":{"line":843,"column":15},"end":{"line":849,"column":11}},"378":{"start":{"line":844,"column":12},"end":{"line":844,"column":48}},"379":{"start":{"line":847,"column":15},"end":{"line":849,"column":11}},"380":{"start":{"line":848,"column":12},"end":{"line":848,"column":47}},"381":{"start":{"line":853,"column":6},"end":{"line":860,"column":8}},"382":{"start":{"line":856,"column":8},"end":{"line":856,"column":38}},"383":{"start":{"line":859,"column":8},"end":{"line":859,"column":54}},"384":{"start":{"line":862,"column":6},"end":{"line":869,"column":8}},"385":{"start":{"line":865,"column":8},"end":{"line":865,"column":38}},"386":{"start":{"line":868,"column":8},"end":{"line":868,"column":56}},"387":{"start":{"line":871,"column":6},"end":{"line":871,"column":49}},"388":{"start":{"line":876,"column":2},"end":{"line":876,"column":18}},"389":{"start":{"line":879,"column":2},"end":{"line":879,"column":18}}},"branchMap":{"1":{"line":13,"type":"if","locations":[{"start":{"line":13,"column":4},"end":{"line":13,"column":4}},{"start":{"line":13,"column":4},"end":{"line":13,"column":4}}]},"2":{"line":24,"type":"if","locations":[{"start":{"line":24,"column":4},"end":{"line":24,"column":4}},{"start":{"line":24,"column":4},"end":{"line":24,"column":4}}]},"3":{"line":26,"type":"binary-expr","locations":[{"start":{"line":26,"column":36},"end":{"line":26,"column":72}},{"start":{"line":26,"column":76},"end":{"line":26,"column":78}}]},"4":{"line":43,"type":"if","locations":[{"start":{"line":43,"column":6},"end":{"line":43,"column":6}},{"start":{"line":43,"column":6},"end":{"line":43,"column":6}}]},"5":{"line":53,"type":"if","locations":[{"start":{"line":53,"column":4},"end":{"line":53,"column":4}},{"start":{"line":53,"column":4},"end":{"line":53,"column":4}}]},"6":{"line":64,"type":"binary-expr","locations":[{"start":{"line":64,"column":12},"end":{"line":64,"column":17}},{"start":{"line":64,"column":21},"end":{"line":64,"column":33}}]},"7":{"line":65,"type":"binary-expr","locations":[{"start":{"line":65,"column":8},"end":{"line":65,"column":15}},{"start":{"line":65,"column":19},"end":{"line":65,"column":28}}]},"8":{"line":66,"type":"if","locations":[{"start":{"line":66,"column":4},"end":{"line":66,"column":4}},{"start":{"line":66,"column":4},"end":{"line":66,"column":4}}]},"9":{"line":66,"type":"binary-expr","locations":[{"start":{"line":66,"column":8},"end":{"line":66,"column":16}},{"start":{"line":66,"column":27},"end":{"line":66,"column":35}},{"start":{"line":66,"column":48},"end":{"line":66,"column":56}}]},"10":{"line":74,"type":"binary-expr","locations":[{"start":{"line":74,"column":29},"end":{"line":74,"column":84}},{"start":{"line":74,"column":88},"end":{"line":74,"column":114}}]},"11":{"line":78,"type":"binary-expr","locations":[{"start":{"line":78,"column":30},"end":{"line":78,"column":51}},{"start":{"line":78,"column":55},"end":{"line":78,"column":57}}]},"12":{"line":84,"type":"if","locations":[{"start":{"line":84,"column":4},"end":{"line":84,"column":4}},{"start":{"line":84,"column":4},"end":{"line":84,"column":4}}]},"13":{"line":89,"type":"if","locations":[{"start":{"line":89,"column":4},"end":{"line":89,"column":4}},{"start":{"line":89,"column":4},"end":{"line":89,"column":4}}]},"14":{"line":91,"type":"if","locations":[{"start":{"line":91,"column":6},"end":{"line":91,"column":6}},{"start":{"line":91,"column":6},"end":{"line":91,"column":6}}]},"15":{"line":116,"type":"if","locations":[{"start":{"line":116,"column":11},"end":{"line":116,"column":11}},{"start":{"line":116,"column":11},"end":{"line":116,"column":11}}]},"16":{"line":126,"type":"if","locations":[{"start":{"line":126,"column":4},"end":{"line":126,"column":4}},{"start":{"line":126,"column":4},"end":{"line":126,"column":4}}]},"17":{"line":135,"type":"binary-expr","locations":[{"start":{"line":135,"column":6},"end":{"line":135,"column":22}},{"start":{"line":137,"column":6},"end":{"line":137,"column":39}},{"start":{"line":139,"column":6},"end":{"line":139,"column":60}},{"start":{"line":141,"column":6},"end":{"line":141,"column":46}},{"start":{"line":142,"column":6},"end":{"line":142,"column":39}},{"start":{"line":144,"column":6},"end":{"line":144,"column":47}}]},"18":{"line":150,"type":"binary-expr","locations":[{"start":{"line":150,"column":12},"end":{"line":150,"column":17}},{"start":{"line":150,"column":21},"end":{"line":150,"column":33}}]},"19":{"line":151,"type":"binary-expr","locations":[{"start":{"line":151,"column":8},"end":{"line":151,"column":15}},{"start":{"line":151,"column":19},"end":{"line":151,"column":28}}]},"20":{"line":152,"type":"if","locations":[{"start":{"line":152,"column":4},"end":{"line":152,"column":4}},{"start":{"line":152,"column":4},"end":{"line":152,"column":4}}]},"21":{"line":196,"type":"binary-expr","locations":[{"start":{"line":196,"column":31},"end":{"line":196,"column":53}},{"start":{"line":196,"column":57},"end":{"line":196,"column":87}}]},"22":{"line":208,"type":"if","locations":[{"start":{"line":208,"column":6},"end":{"line":208,"column":6}},{"start":{"line":208,"column":6},"end":{"line":208,"column":6}}]},"23":{"line":209,"type":"binary-expr","locations":[{"start":{"line":209,"column":54},"end":{"line":209,"column":97}},{"start":{"line":209,"column":101},"end":{"line":209,"column":145}}]},"24":{"line":213,"type":"if","locations":[{"start":{"line":213,"column":6},"end":{"line":213,"column":6}},{"start":{"line":213,"column":6},"end":{"line":213,"column":6}}]},"25":{"line":217,"type":"if","locations":[{"start":{"line":217,"column":8},"end":{"line":217,"column":8}},{"start":{"line":217,"column":8},"end":{"line":217,"column":8}}]},"26":{"line":217,"type":"binary-expr","locations":[{"start":{"line":217,"column":12},"end":{"line":217,"column":38}},{"start":{"line":217,"column":42},"end":{"line":217,"column":77}}]},"27":{"line":218,"type":"binary-expr","locations":[{"start":{"line":218,"column":48},"end":{"line":218,"column":83}},{"start":{"line":218,"column":87},"end":{"line":218,"column":123}}]},"28":{"line":236,"type":"if","locations":[{"start":{"line":236,"column":8},"end":{"line":236,"column":8}},{"start":{"line":236,"column":8},"end":{"line":236,"column":8}}]},"29":{"line":238,"type":"if","locations":[{"start":{"line":238,"column":8},"end":{"line":238,"column":8}},{"start":{"line":238,"column":8},"end":{"line":238,"column":8}}]},"30":{"line":251,"type":"if","locations":[{"start":{"line":251,"column":6},"end":{"line":251,"column":6}},{"start":{"line":251,"column":6},"end":{"line":251,"column":6}}]},"31":{"line":265,"type":"if","locations":[{"start":{"line":265,"column":8},"end":{"line":265,"column":8}},{"start":{"line":265,"column":8},"end":{"line":265,"column":8}}]},"32":{"line":265,"type":"binary-expr","locations":[{"start":{"line":265,"column":11},"end":{"line":265,"column":40}},{"start":{"line":265,"column":44},"end":{"line":265,"column":81}}]},"33":{"line":281,"type":"if","locations":[{"start":{"line":281,"column":8},"end":{"line":281,"column":8}},{"start":{"line":281,"column":8},"end":{"line":281,"column":8}}]},"34":{"line":303,"type":"if","locations":[{"start":{"line":303,"column":8},"end":{"line":303,"column":8}},{"start":{"line":303,"column":8},"end":{"line":303,"column":8}}]},"35":{"line":324,"type":"if","locations":[{"start":{"line":324,"column":8},"end":{"line":324,"column":8}},{"start":{"line":324,"column":8},"end":{"line":324,"column":8}}]},"36":{"line":327,"type":"if","locations":[{"start":{"line":327,"column":10},"end":{"line":327,"column":10}},{"start":{"line":327,"column":10},"end":{"line":327,"column":10}}]},"37":{"line":330,"type":"if","locations":[{"start":{"line":330,"column":10},"end":{"line":330,"column":10}},{"start":{"line":330,"column":10},"end":{"line":330,"column":10}}]},"38":{"line":333,"type":"if","locations":[{"start":{"line":333,"column":10},"end":{"line":333,"column":10}},{"start":{"line":333,"column":10},"end":{"line":333,"column":10}}]},"39":{"line":349,"type":"binary-expr","locations":[{"start":{"line":349,"column":26},"end":{"line":349,"column":34}},{"start":{"line":349,"column":38},"end":{"line":349,"column":40}}]},"40":{"line":387,"type":"if","locations":[{"start":{"line":387,"column":6},"end":{"line":387,"column":6}},{"start":{"line":387,"column":6},"end":{"line":387,"column":6}}]},"41":{"line":391,"type":"if","locations":[{"start":{"line":391,"column":6},"end":{"line":391,"column":6}},{"start":{"line":391,"column":6},"end":{"line":391,"column":6}}]},"42":{"line":391,"type":"binary-expr","locations":[{"start":{"line":391,"column":10},"end":{"line":391,"column":18}},{"start":{"line":391,"column":32},"end":{"line":391,"column":39}}]},"43":{"line":402,"type":"if","locations":[{"start":{"line":402,"column":6},"end":{"line":402,"column":6}},{"start":{"line":402,"column":6},"end":{"line":402,"column":6}}]},"44":{"line":407,"type":"if","locations":[{"start":{"line":407,"column":6},"end":{"line":407,"column":6}},{"start":{"line":407,"column":6},"end":{"line":407,"column":6}}]},"45":{"line":414,"type":"if","locations":[{"start":{"line":414,"column":6},"end":{"line":414,"column":6}},{"start":{"line":414,"column":6},"end":{"line":414,"column":6}}]},"46":{"line":418,"type":"if","locations":[{"start":{"line":418,"column":6},"end":{"line":418,"column":6}},{"start":{"line":418,"column":6},"end":{"line":418,"column":6}}]},"47":{"line":427,"type":"if","locations":[{"start":{"line":427,"column":6},"end":{"line":427,"column":6}},{"start":{"line":427,"column":6},"end":{"line":427,"column":6}}]},"48":{"line":443,"type":"if","locations":[{"start":{"line":443,"column":6},"end":{"line":443,"column":6}},{"start":{"line":443,"column":6},"end":{"line":443,"column":6}}]},"49":{"line":445,"type":"if","locations":[{"start":{"line":445,"column":13},"end":{"line":445,"column":13}},{"start":{"line":445,"column":13},"end":{"line":445,"column":13}}]},"50":{"line":447,"type":"if","locations":[{"start":{"line":447,"column":13},"end":{"line":447,"column":13}},{"start":{"line":447,"column":13},"end":{"line":447,"column":13}}]},"51":{"line":449,"type":"if","locations":[{"start":{"line":449,"column":13},"end":{"line":449,"column":13}},{"start":{"line":449,"column":13},"end":{"line":449,"column":13}}]},"52":{"line":456,"type":"if","locations":[{"start":{"line":456,"column":6},"end":{"line":456,"column":6}},{"start":{"line":456,"column":6},"end":{"line":456,"column":6}}]},"53":{"line":459,"type":"binary-expr","locations":[{"start":{"line":459,"column":23},"end":{"line":459,"column":35}},{"start":{"line":459,"column":39},"end":{"line":459,"column":41}}]},"54":{"line":475,"type":"if","locations":[{"start":{"line":475,"column":6},"end":{"line":475,"column":6}},{"start":{"line":475,"column":6},"end":{"line":475,"column":6}}]},"55":{"line":478,"type":"if","locations":[{"start":{"line":478,"column":11},"end":{"line":478,"column":11}},{"start":{"line":478,"column":11},"end":{"line":478,"column":11}}]},"56":{"line":481,"type":"if","locations":[{"start":{"line":481,"column":6},"end":{"line":481,"column":6}},{"start":{"line":481,"column":6},"end":{"line":481,"column":6}}]},"57":{"line":507,"type":"if","locations":[{"start":{"line":507,"column":6},"end":{"line":507,"column":6}},{"start":{"line":507,"column":6},"end":{"line":507,"column":6}}]},"58":{"line":514,"type":"if","locations":[{"start":{"line":514,"column":8},"end":{"line":514,"column":8}},{"start":{"line":514,"column":8},"end":{"line":514,"column":8}}]},"59":{"line":514,"type":"binary-expr","locations":[{"start":{"line":514,"column":12},"end":{"line":514,"column":54}},{"start":{"line":514,"column":58},"end":{"line":514,"column":101}}]},"60":{"line":536,"type":"if","locations":[{"start":{"line":536,"column":10},"end":{"line":536,"column":10}},{"start":{"line":536,"column":10},"end":{"line":536,"column":10}}]},"61":{"line":538,"type":"if","locations":[{"start":{"line":538,"column":12},"end":{"line":538,"column":12}},{"start":{"line":538,"column":12},"end":{"line":538,"column":12}}]},"62":{"line":538,"type":"binary-expr","locations":[{"start":{"line":538,"column":16},"end":{"line":538,"column":35}},{"start":{"line":538,"column":39},"end":{"line":538,"column":93}}]},"63":{"line":551,"type":"if","locations":[{"start":{"line":551,"column":6},"end":{"line":551,"column":6}},{"start":{"line":551,"column":6},"end":{"line":551,"column":6}}]},"64":{"line":556,"type":"if","locations":[{"start":{"line":556,"column":6},"end":{"line":556,"column":6}},{"start":{"line":556,"column":6},"end":{"line":556,"column":6}}]},"65":{"line":563,"type":"if","locations":[{"start":{"line":563,"column":8},"end":{"line":563,"column":8}},{"start":{"line":563,"column":8},"end":{"line":563,"column":8}}]},"66":{"line":568,"type":"if","locations":[{"start":{"line":568,"column":12},"end":{"line":568,"column":12}},{"start":{"line":568,"column":12},"end":{"line":568,"column":12}}]},"67":{"line":568,"type":"binary-expr","locations":[{"start":{"line":568,"column":16},"end":{"line":568,"column":33}},{"start":{"line":568,"column":37},"end":{"line":568,"column":91}}]},"68":{"line":588,"type":"if","locations":[{"start":{"line":588,"column":6},"end":{"line":588,"column":6}},{"start":{"line":588,"column":6},"end":{"line":588,"column":6}}]},"69":{"line":597,"type":"if","locations":[{"start":{"line":597,"column":6},"end":{"line":597,"column":6}},{"start":{"line":597,"column":6},"end":{"line":597,"column":6}}]},"70":{"line":604,"type":"if","locations":[{"start":{"line":604,"column":6},"end":{"line":604,"column":6}},{"start":{"line":604,"column":6},"end":{"line":604,"column":6}}]},"71":{"line":609,"type":"if","locations":[{"start":{"line":609,"column":8},"end":{"line":609,"column":8}},{"start":{"line":609,"column":8},"end":{"line":609,"column":8}}]},"72":{"line":609,"type":"binary-expr","locations":[{"start":{"line":609,"column":12},"end":{"line":609,"column":30}},{"start":{"line":609,"column":34},"end":{"line":609,"column":39}}]},"73":{"line":613,"type":"if","locations":[{"start":{"line":613,"column":8},"end":{"line":613,"column":8}},{"start":{"line":613,"column":8},"end":{"line":613,"column":8}}]},"74":{"line":613,"type":"binary-expr","locations":[{"start":{"line":613,"column":12},"end":{"line":613,"column":45}},{"start":{"line":613,"column":49},"end":{"line":613,"column":85}},{"start":{"line":613,"column":89},"end":{"line":613,"column":123}}]},"75":{"line":628,"type":"if","locations":[{"start":{"line":628,"column":6},"end":{"line":628,"column":6}},{"start":{"line":628,"column":6},"end":{"line":628,"column":6}}]},"76":{"line":631,"type":"if","locations":[{"start":{"line":631,"column":10},"end":{"line":631,"column":10}},{"start":{"line":631,"column":10},"end":{"line":631,"column":10}}]},"77":{"line":635,"type":"if","locations":[{"start":{"line":635,"column":14},"end":{"line":635,"column":14}},{"start":{"line":635,"column":14},"end":{"line":635,"column":14}}]},"78":{"line":648,"type":"if","locations":[{"start":{"line":648,"column":6},"end":{"line":648,"column":6}},{"start":{"line":648,"column":6},"end":{"line":648,"column":6}}]},"79":{"line":659,"type":"if","locations":[{"start":{"line":659,"column":8},"end":{"line":659,"column":8}},{"start":{"line":659,"column":8},"end":{"line":659,"column":8}}]},"80":{"line":669,"type":"if","locations":[{"start":{"line":669,"column":6},"end":{"line":669,"column":6}},{"start":{"line":669,"column":6},"end":{"line":669,"column":6}}]},"81":{"line":683,"type":"binary-expr","locations":[{"start":{"line":683,"column":12},"end":{"line":683,"column":17}},{"start":{"line":683,"column":21},"end":{"line":683,"column":29}}]},"82":{"line":686,"type":"if","locations":[{"start":{"line":686,"column":6},"end":{"line":686,"column":6}},{"start":{"line":686,"column":6},"end":{"line":686,"column":6}}]},"83":{"line":697,"type":"if","locations":[{"start":{"line":697,"column":6},"end":{"line":697,"column":6}},{"start":{"line":697,"column":6},"end":{"line":697,"column":6}}]},"84":{"line":716,"type":"if","locations":[{"start":{"line":716,"column":6},"end":{"line":716,"column":6}},{"start":{"line":716,"column":6},"end":{"line":716,"column":6}}]},"85":{"line":720,"type":"if","locations":[{"start":{"line":720,"column":6},"end":{"line":720,"column":6}},{"start":{"line":720,"column":6},"end":{"line":720,"column":6}}]},"86":{"line":728,"type":"if","locations":[{"start":{"line":728,"column":4},"end":{"line":728,"column":4}},{"start":{"line":728,"column":4},"end":{"line":728,"column":4}}]},"87":{"line":820,"type":"if","locations":[{"start":{"line":820,"column":8},"end":{"line":820,"column":8}},{"start":{"line":820,"column":8},"end":{"line":820,"column":8}}]},"88":{"line":820,"type":"binary-expr","locations":[{"start":{"line":820,"column":12},"end":{"line":820,"column":57}},{"start":{"line":820,"column":61},"end":{"line":820,"column":105}}]},"89":{"line":835,"type":"if","locations":[{"start":{"line":835,"column":10},"end":{"line":835,"column":10}},{"start":{"line":835,"column":10},"end":{"line":835,"column":10}}]},"90":{"line":839,"type":"if","locations":[{"start":{"line":839,"column":15},"end":{"line":839,"column":15}},{"start":{"line":839,"column":15},"end":{"line":839,"column":15}}]},"91":{"line":843,"type":"if","locations":[{"start":{"line":843,"column":15},"end":{"line":843,"column":15}},{"start":{"line":843,"column":15},"end":{"line":843,"column":15}}]},"92":{"line":847,"type":"if","locations":[{"start":{"line":847,"column":15},"end":{"line":847,"column":15}},{"start":{"line":847,"column":15},"end":{"line":847,"column":15}}]}}}}