TN:
SF:src\js\_scaffolding.js
FNF:0
FNH:0
DA:2,1
LF:1
LH:1
BRDA:2,1,0,1
BRDA:2,1,1,1
BRF:2
BRH:2
end_of_record
TN:
SF:src\js\_defaults.js
FN:31,(anonymous_1)
FNF:1
FNH:1
FNDA:7,(anonymous_1)
DA:2,1
DA:31,1
DA:32,7
DA:34,7
DA:35,7
DA:36,7
DA:37,7
DA:38,7
DA:39,7
DA:40,7
DA:41,7
DA:42,7
DA:43,7
DA:44,7
DA:45,7
DA:46,7
DA:47,7
DA:48,7
DA:49,7
DA:50,7
DA:51,7
DA:52,7
DA:53,7
DA:54,7
DA:55,7
DA:56,7
DA:57,7
DA:58,7
DA:59,7
DA:60,7
DA:61,7
DA:62,7
DA:63,7
DA:64,7
DA:65,7
LF:35
LH:35
BRDA:32,1,0,7
BRDA:32,1,1,0
BRDA:35,2,0,7
BRDA:35,2,1,7
BRDA:36,3,0,7
BRDA:36,3,1,7
BRDA:43,4,0,0
BRDA:43,4,1,7
BRDA:44,5,0,7
BRDA:44,5,1,7
BRDA:45,6,0,7
BRDA:45,6,1,7
BRDA:46,7,0,0
BRDA:46,7,1,7
BRDA:47,8,0,7
BRDA:47,8,1,7
BRDA:48,9,0,7
BRDA:48,9,1,7
BRDA:49,10,0,7
BRDA:49,10,1,0
BRDA:50,11,0,7
BRDA:50,11,1,0
BRDA:51,12,0,7
BRDA:51,12,1,0
BRDA:52,13,0,7
BRDA:52,13,1,0
BRDA:53,14,0,7
BRDA:53,14,1,5
BRDA:54,15,0,7
BRDA:54,15,1,7
BRDA:55,16,0,0
BRDA:55,16,1,7
BRDA:56,17,0,7
BRDA:56,17,1,7
BRDA:57,18,0,7
BRDA:57,18,1,7
BRDA:58,19,0,0
BRDA:58,19,1,7
BRDA:59,20,0,0
BRDA:59,20,1,7
BRDA:60,21,0,7
BRDA:60,21,1,7
BRDA:61,22,0,0
BRDA:61,22,1,7
BRDA:62,23,0,0
BRDA:62,23,1,7
BRDA:63,24,0,0
BRDA:63,24,1,7
BRDA:64,25,0,0
BRDA:64,25,1,7
BRF:50
BRH:36
end_of_record
TN:
SF:src\js\_event-factory.js
FN:2,(anonymous_1)
FN:10,(anonymous_2)
FN:18,(anonymous_3)
FNF:3
FNH:1
FNDA:7,(anonymous_1)
FNDA:0,(anonymous_2)
FNDA:0,(anonymous_3)
DA:2,1
DA:4,7
DA:7,7
DA:10,7
DA:12,0
DA:14,0
DA:18,7
DA:20,0
DA:22,0
DA:24,0
DA:27,0
DA:28,0
DA:32,0
DA:33,0
DA:43,7
LF:15
LH:6
BRDA:12,1,0,0
BRDA:12,1,1,0
BRDA:20,2,0,0
BRDA:20,2,1,0
BRF:4
BRH:0
end_of_record
TN:
SF:src\js\_translations.js
FNF:0
FNH:0
DA:2,1
LF:1
LH:1
BRF:0
BRH:0
end_of_record
TN:
SF:src\js\_ua.js
FN:4,(anonymous_1)
FN:19,(anonymous_2)
FNF:2
FNH:1
FNDA:2,(anonymous_1)
FNDA:0,(anonymous_2)
DA:2,1
DA:6,2
DA:9,2
DA:10,1
DA:11,1
DA:12,1
DA:13,1
DA:17,2
DA:20,0
DA:21,0
DA:22,0
LF:11
LH:8
BRDA:9,1,0,1
BRDA:9,1,1,1
BRDA:21,2,0,0
BRDA:21,2,1,0
BRF:4
BRH:2
end_of_record
TN:
SF:src\js\_urls.js
FN:7,(anonymous_1)
FN:10,(anonymous_2)
FN:26,(anonymous_3)
FN:31,(anonymous_4)
FNF:4
FNH:3
FNDA:0,(anonymous_1)
FNDA:1,(anonymous_2)
FNDA:7,(anonymous_3)
FNDA:2,(anonymous_4)
DA:2,1
DA:8,0
DA:11,1
DA:18,1
DA:19,0
DA:21,1
DA:27,7
DA:28,2
DA:32,2
DA:33,2
DA:35,2
LF:11
LH:9
BRDA:15,1,0,1
BRDA:15,1,1,1
BRDA:18,2,0,0
BRDA:18,2,1,1
BRDA:27,3,0,2
BRDA:27,3,1,5
BRDA:35,4,0,2
BRDA:35,4,1,0
BRF:8
BRH:6
end_of_record
TN:
SF:src\js\main-address.js
FN:2,(anonymous_1)
FN:10,(anonymous_2)
FN:31,(anonymous_3)
FN:39,(anonymous_4)
FN:47,(anonymous_5)
FN:52,(anonymous_6)
FN:62,(anonymous_7)
FN:122,(anonymous_8)
FN:132,(anonymous_9)
FN:149,(anonymous_10)
FN:158,(anonymous_11)
FN:165,(anonymous_12)
FN:185,(anonymous_13)
FN:224,(anonymous_14)
FN:244,(anonymous_15)
FN:258,(anonymous_16)
FN:280,(anonymous_17)
FN:289,(anonymous_18)
FN:302,(anonymous_19)
FN:309,(anonymous_20)
FN:346,(anonymous_21)
FN:354,(anonymous_22)
FN:357,(anonymous_23)
FN:373,(anonymous_24)
FN:382,(anonymous_25)
FN:386,(anonymous_26)
FN:454,(anonymous_27)
FN:469,(anonymous_28)
FN:472,(anonymous_29)
FN:486,(anonymous_30)
FN:497,(anonymous_31)
FN:549,(anonymous_32)
FN:577,(anonymous_33)
FN:586,(anonymous_34)
FN:595,(anonymous_35)
FN:602,(anonymous_36)
FN:623,(anonymous_37)
FN:647,(anonymous_38)
FN:668,(anonymous_39)
FN:676,(anonymous_40)
FN:682,(anonymous_41)
FN:695,(anonymous_42)
FN:714,(anonymous_43)
FN:727,(anonymous_44)
FN:751,(anonymous_45)
FN:762,(anonymous_46)
FN:773,(anonymous_47)
FN:784,(anonymous_48)
FN:795,(anonymous_49)
FN:799,(anonymous_50)
FN:811,(anonymous_51)
FN:819,(anonymous_52)
FN:853,(anonymous_53)
FN:862,(anonymous_54)
FNF:54
FNH:6
FNDA:7,(anonymous_1)
FNDA:7,(anonymous_2)
FNDA:0,(anonymous_3)
FNDA:0,(anonymous_4)
FNDA:0,(anonymous_5)
FNDA:0,(anonymous_6)
FNDA:1,(anonymous_7)
FNDA:5,(anonymous_8)
FNDA:5,(anonymous_9)
FNDA:0,(anonymous_10)
FNDA:4,(anonymous_11)
FNDA:0,(anonymous_12)
FNDA:0,(anonymous_13)
FNDA:0,(anonymous_14)
FNDA:0,(anonymous_15)
FNDA:0,(anonymous_16)
FNDA:0,(anonymous_17)
FNDA:0,(anonymous_18)
FNDA:0,(anonymous_19)
FNDA:0,(anonymous_20)
FNDA:0,(anonymous_21)
FNDA:0,(anonymous_22)
FNDA:0,(anonymous_23)
FNDA:0,(anonymous_24)
FNDA:0,(anonymous_25)
FNDA:0,(anonymous_26)
FNDA:0,(anonymous_27)
FNDA:0,(anonymous_28)
FNDA:0,(anonymous_29)
FNDA:0,(anonymous_30)
FNDA:0,(anonymous_31)
FNDA:0,(anonymous_32)
FNDA:0,(anonymous_33)
FNDA:0,(anonymous_34)
FNDA:0,(anonymous_35)
FNDA:0,(anonymous_36)
FNDA:0,(anonymous_37)
FNDA:0,(anonymous_38)
FNDA:0,(anonymous_39)
FNDA:0,(anonymous_40)
FNDA:0,(anonymous_41)
FNDA:0,(anonymous_42)
FNDA:0,(anonymous_43)
FNDA:0,(anonymous_44)
FNDA:0,(anonymous_45)
FNDA:0,(anonymous_46)
FNDA:0,(anonymous_47)
FNDA:0,(anonymous_48)
FNDA:0,(anonymous_49)
FNDA:0,(anonymous_50)
FNDA:0,(anonymous_51)
FNDA:0,(anonymous_52)
FNDA:0,(anonymous_53)
FNDA:0,(anonymous_54)
DA:2,1
DA:4,7
DA:7,7
DA:10,7
DA:12,7
DA:13,7
DA:15,2
DA:17,2
DA:18,2
DA:21,5
DA:22,5
DA:24,5
DA:25,1
DA:26,1
DA:29,1
DA:30,1
DA:31,1
DA:32,0
DA:35,1
DA:37,1
DA:39,1
DA:40,0
DA:43,1
DA:44,0
DA:47,5
DA:48,0
DA:52,7
DA:53,0
DA:54,0
DA:56,0
DA:57,0
DA:58,0
DA:62,7
DA:64,1
DA:65,1
DA:66,1
DA:67,0
DA:68,0
DA:71,1
DA:74,1
DA:75,1
DA:77,1
DA:78,1
DA:84,1
DA:85,1
DA:89,1
DA:91,0
DA:92,0
DA:96,0
DA:99,0
DA:100,0
DA:103,0
DA:106,0
DA:109,0
DA:112,0
DA:115,0
DA:116,1
DA:118,0
DA:122,7
DA:123,5
DA:126,5
DA:127,4
DA:132,7
DA:134,5
DA:149,7
DA:150,0
DA:151,0
DA:152,0
DA:153,0
DA:154,0
DA:158,7
DA:161,4
DA:165,7
DA:167,0
DA:170,0
DA:173,0
DA:176,0
DA:179,7
DA:187,0
DA:190,0
DA:193,0
DA:196,0
DA:199,0
DA:202,0
DA:205,0
DA:208,0
DA:209,0
DA:210,0
DA:213,0
DA:215,0
DA:217,0
DA:218,0
DA:220,0
DA:224,0
DA:226,0
DA:227,0
DA:230,0
DA:232,0
DA:234,0
DA:236,0
DA:237,0
DA:238,0
DA:239,0
DA:240,0
DA:246,0
DA:248,0
DA:249,0
DA:251,0
DA:252,0
DA:253,0
DA:259,0
DA:260,0
DA:261,0
DA:262,0
DA:263,0
DA:265,0
DA:266,0
DA:267,0
DA:268,0
DA:269,0
DA:270,0
DA:271,0
DA:272,0
DA:273,0
DA:274,0
DA:275,0
DA:277,0
DA:281,0
DA:282,0
DA:283,0
DA:290,0
DA:294,0
DA:295,0
DA:296,0
DA:297,0
DA:298,0
DA:299,0
DA:303,0
DA:304,0
DA:305,0
DA:310,0
DA:324,0
DA:326,0
DA:327,0
DA:328,0
DA:330,0
DA:331,0
DA:333,0
DA:334,0
DA:336,0
DA:337,0
DA:341,0
DA:342,0
DA:343,0
DA:347,0
DA:348,0
DA:349,0
DA:350,0
DA:355,0
DA:356,0
DA:357,0
DA:358,0
DA:361,0
DA:362,0
DA:364,0
DA:365,0
DA:367,0
DA:369,0
DA:370,0
DA:374,0
DA:375,0
DA:377,0
DA:378,0
DA:383,0
DA:387,0
DA:388,0
DA:391,0
DA:392,0
DA:393,0
DA:397,0
DA:402,0
DA:403,0
DA:407,0
DA:408,0
DA:410,0
DA:414,0
DA:415,0
DA:416,0
DA:418,0
DA:419,0
DA:420,0
DA:424,0
DA:426,0
DA:427,0
DA:428,0
DA:430,0
DA:432,0
DA:435,0
DA:443,0
DA:444,0
DA:445,0
DA:446,0
DA:447,0
DA:448,0
DA:449,0
DA:450,0
DA:455,0
DA:456,0
DA:457,0
DA:459,0
DA:461,0
DA:462,0
DA:463,0
DA:466,0
DA:470,0
DA:473,0
DA:475,0
DA:476,0
DA:478,0
DA:479,0
DA:481,0
DA:482,0
DA:488,0
DA:491,0
DA:495,7
DA:499,0
DA:502,0
DA:505,0
DA:507,0
DA:509,0
DA:513,0
DA:514,0
DA:515,0
DA:518,0
DA:519,0
DA:520,0
DA:521,0
DA:522,0
DA:523,0
DA:524,0
DA:527,0
DA:530,0
DA:535,0
DA:536,0
DA:538,0
DA:539,0
DA:540,0
DA:547,0
DA:551,0
DA:552,0
DA:553,0
DA:556,0
DA:557,0
DA:558,0
DA:562,0
DA:563,0
DA:565,0
DA:566,0
DA:568,0
DA:569,0
DA:570,0
DA:578,0
DA:579,0
DA:582,0
DA:583,0
DA:588,0
DA:589,0
DA:590,0
DA:591,0
DA:597,0
DA:598,0
DA:599,0
DA:604,0
DA:605,0
DA:606,0
DA:607,0
DA:609,0
DA:610,0
DA:613,0
DA:614,0
DA:616,0
DA:619,0
DA:624,0
DA:625,0
DA:626,0
DA:627,0
DA:628,0
DA:629,0
DA:630,0
DA:631,0
DA:632,0
DA:633,0
DA:634,0
DA:635,0
DA:636,0
DA:644,0
DA:648,0
DA:649,0
DA:650,0
DA:651,0
DA:652,0
DA:654,0
DA:656,0
DA:659,0
DA:660,0
DA:663,0
DA:669,0
DA:670,0
DA:671,0
DA:677,0
DA:682,7
DA:683,0
DA:684,0
DA:685,0
DA:686,0
DA:687,0
DA:689,0
DA:694,7
DA:697,0
DA:698,0
DA:701,0
DA:702,0
DA:703,0
DA:706,0
DA:707,0
DA:708,0
DA:711,0
DA:716,0
DA:717,0
DA:719,0
DA:720,0
DA:721,0
DA:727,7
DA:728,0
DA:729,0
DA:732,0
DA:734,0
DA:736,0
DA:738,0
DA:740,0
DA:742,0
DA:745,0
DA:749,7
DA:752,0
DA:758,0
DA:763,0
DA:769,0
DA:774,0
DA:780,0
DA:785,0
DA:791,0
DA:796,0
DA:797,0
DA:798,0
DA:799,0
DA:801,0
DA:803,0
DA:809,7
DA:812,0
DA:813,0
DA:814,0
DA:815,0
DA:816,0
DA:817,0
DA:819,0
DA:820,0
DA:822,0
DA:823,0
DA:824,0
DA:826,0
DA:829,0
DA:832,0
DA:835,0
DA:836,0
DA:839,0
DA:840,0
DA:843,0
DA:844,0
DA:847,0
DA:848,0
DA:853,0
DA:856,0
DA:859,0
DA:862,0
DA:865,0
DA:868,0
DA:871,0
DA:876,7
DA:879,7
LF:389
LH:55
BRDA:13,1,0,2
BRDA:13,1,1,5
BRDA:24,2,0,1
BRDA:24,2,1,4
BRDA:26,3,0,1
BRDA:26,3,1,0
BRDA:43,4,0,0
BRDA:43,4,1,1
BRDA:53,5,0,0
BRDA:53,5,1,0
BRDA:64,6,0,1
BRDA:64,6,1,0
BRDA:65,7,0,1
BRDA:65,7,1,1
BRDA:66,8,0,0
BRDA:66,8,1,1
BRDA:66,9,0,1
BRDA:66,9,1,1
BRDA:66,9,2,1
BRDA:74,10,0,1
BRDA:74,10,1,0
BRDA:78,11,0,1
BRDA:78,11,1,1
BRDA:84,12,0,1
BRDA:84,12,1,0
BRDA:89,13,0,0
BRDA:89,13,1,1
BRDA:91,14,0,0
BRDA:91,14,1,0
BRDA:116,15,0,0
BRDA:116,15,1,1
BRDA:126,16,0,4
BRDA:126,16,1,1
BRDA:135,17,0,5
BRDA:135,17,1,3
BRDA:135,17,2,1
BRDA:135,17,3,1
BRDA:135,17,4,0
BRDA:135,17,5,0
BRDA:150,18,0,0
BRDA:150,18,1,0
BRDA:151,19,0,0
BRDA:151,19,1,0
BRDA:152,20,0,0
BRDA:152,20,1,0
BRDA:196,21,0,0
BRDA:196,21,1,0
BRDA:208,22,0,0
BRDA:208,22,1,0
BRDA:209,23,0,0
BRDA:209,23,1,0
BRDA:213,24,0,0
BRDA:213,24,1,0
BRDA:217,25,0,0
BRDA:217,25,1,0
BRDA:217,26,0,0
BRDA:217,26,1,0
BRDA:218,27,0,0
BRDA:218,27,1,0
BRDA:236,28,0,0
BRDA:236,28,1,0
BRDA:238,29,0,0
BRDA:238,29,1,0
BRDA:251,30,0,0
BRDA:251,30,1,0
BRDA:265,31,0,0
BRDA:265,31,1,0
BRDA:265,32,0,0
BRDA:265,32,1,0
BRDA:281,33,0,0
BRDA:281,33,1,0
BRDA:303,34,0,0
BRDA:303,34,1,0
BRDA:324,35,0,0
BRDA:324,35,1,0
BRDA:327,36,0,0
BRDA:327,36,1,0
BRDA:330,37,0,0
BRDA:330,37,1,0
BRDA:333,38,0,0
BRDA:333,38,1,0
BRDA:349,39,0,0
BRDA:349,39,1,0
BRDA:387,40,0,0
BRDA:387,40,1,0
BRDA:391,41,0,0
BRDA:391,41,1,0
BRDA:391,42,0,0
BRDA:391,42,1,0
BRDA:402,43,0,0
BRDA:402,43,1,0
BRDA:407,44,0,0
BRDA:407,44,1,0
BRDA:414,45,0,0
BRDA:414,45,1,0
BRDA:418,46,0,0
BRDA:418,46,1,0
BRDA:427,47,0,0
BRDA:427,47,1,0
BRDA:443,48,0,0
BRDA:443,48,1,0
BRDA:445,49,0,0
BRDA:445,49,1,0
BRDA:447,50,0,0
BRDA:447,50,1,0
BRDA:449,51,0,0
BRDA:449,51,1,0
BRDA:456,52,0,0
BRDA:456,52,1,0
BRDA:459,53,0,0
BRDA:459,53,1,0
BRDA:475,54,0,0
BRDA:475,54,1,0
BRDA:478,55,0,0
BRDA:478,55,1,0
BRDA:481,56,0,0
BRDA:481,56,1,0
BRDA:507,57,0,0
BRDA:507,57,1,0
BRDA:514,58,0,0
BRDA:514,58,1,0
BRDA:514,59,0,0
BRDA:514,59,1,0
BRDA:536,60,0,0
BRDA:536,60,1,0
BRDA:538,61,0,0
BRDA:538,61,1,0
BRDA:538,62,0,0
BRDA:538,62,1,0
BRDA:551,63,0,0
BRDA:551,63,1,0
BRDA:556,64,0,0
BRDA:556,64,1,0
BRDA:563,65,0,0
BRDA:563,65,1,0
BRDA:568,66,0,0
BRDA:568,66,1,0
BRDA:568,67,0,0
BRDA:568,67,1,0
BRDA:588,68,0,0
BRDA:588,68,1,0
BRDA:597,69,0,0
BRDA:597,69,1,0
BRDA:604,70,0,0
BRDA:604,70,1,0
BRDA:609,71,0,0
BRDA:609,71,1,0
BRDA:609,72,0,0
BRDA:609,72,1,0
BRDA:613,73,0,0
BRDA:613,73,1,0
BRDA:613,74,0,0
BRDA:613,74,1,0
BRDA:613,74,2,0
BRDA:628,75,0,0
BRDA:628,75,1,0
BRDA:631,76,0,0
BRDA:631,76,1,0
BRDA:635,77,0,0
BRDA:635,77,1,0
BRDA:648,78,0,0
BRDA:648,78,1,0
BRDA:659,79,0,0
BRDA:659,79,1,0
BRDA:669,80,0,0
BRDA:669,80,1,0
BRDA:683,81,0,0
BRDA:683,81,1,0
BRDA:686,82,0,0
BRDA:686,82,1,0
BRDA:697,83,0,0
BRDA:697,83,1,0
BRDA:716,84,0,0
BRDA:716,84,1,0
BRDA:720,85,0,0
BRDA:720,85,1,0
BRDA:728,86,0,0
BRDA:728,86,1,0
BRDA:820,87,0,0
BRDA:820,87,1,0
BRDA:820,88,0,0
BRDA:820,88,1,0
BRDA:835,89,0,0
BRDA:835,89,1,0
BRDA:839,90,0,0
BRDA:839,90,1,0
BRDA:843,91,0,0
BRDA:843,91,1,0
BRDA:847,92,0,0
BRDA:847,92,1,0
BRF:190
BRH:25
end_of_record
